TN:
SF:server.js
FN:54,(anonymous_0)
FN:76,(anonymous_1)
FN:77,(anonymous_2)
FN:81,connectToDatabase
FN:91,(anonymous_4)
FN:93,(anonymous_5)
FN:99,(anonymous_6)
FN:109,(anonymous_7)
FN:134,(anonymous_8)
FN:160,(anonymous_9)
FN:166,startServer
FN:170,(anonymous_11)
FNF:12
FNH:2
FNDA:11,(anonymous_0)
FNDA:0,(anonymous_1)
FNDA:0,(anonymous_2)
FNDA:0,connectToDatabase
FNDA:1,(anonymous_4)
FNDA:0,(anonymous_5)
FNDA:0,(anonymous_6)
FNDA:0,(anonymous_7)
FNDA:0,(anonymous_8)
FNDA:0,(anonymous_9)
FNDA:0,startServer
FNDA:0,(anonymous_11)
DA:1,1
DA:2,1
DA:3,1
DA:4,1
DA:5,1
DA:6,1
DA:7,1
DA:8,1
DA:10,1
DA:11,1
DA:12,1
DA:13,1
DA:14,1
DA:15,1
DA:16,1
DA:18,1
DA:20,1
DA:21,1
DA:22,1
DA:24,1
DA:26,1
DA:27,0
DA:29,1
DA:30,0
DA:33,1
DA:41,1
DA:42,1
DA:43,1
DA:50,1
DA:51,1
DA:52,1
DA:54,1
DA:55,11
DA:56,0
DA:57,0
DA:58,0
DA:61,1
DA:62,1
DA:63,1
DA:64,1
DA:65,1
DA:66,1
DA:68,1
DA:69,1
DA:70,1
DA:71,1
DA:72,1
DA:73,1
DA:75,1
DA:76,0
DA:77,0
DA:79,1
DA:82,0
DA:83,0
DA:84,0
DA:86,0
DA:87,0
DA:91,1
DA:93,1
DA:94,0
DA:95,0
DA:96,0
DA:99,1
DA:100,0
DA:101,0
DA:102,0
DA:104,0
DA:105,0
DA:109,1
DA:110,0
DA:111,0
DA:113,0
DA:125,0
DA:126,0
DA:127,0
DA:129,0
DA:130,0
DA:134,1
DA:135,0
DA:136,0
DA:138,0
DA:139,0
DA:142,0
DA:143,0
DA:144,0
DA:145,0
DA:147,0
DA:148,0
DA:149,0
DA:150,0
DA:153,0
DA:155,0
DA:156,0
DA:160,1
DA:164,1
DA:167,0
DA:168,0
DA:169,0
DA:170,0
DA:171,0
DA:175,1
DA:176,0
DA:179,1
LF:103
LH:54
BRDA:26,0,0,0
BRDA:26,0,1,1
BRDA:29,1,0,0
BRDA:29,1,1,1
BRDA:35,2,0,0
BRDA:35,2,1,1
BRDA:45,3,0,0
BRDA:45,3,1,1
BRDA:55,4,0,11
BRDA:55,4,1,0
BRDA:57,5,0,0
BRDA:57,5,1,0
BRDA:57,6,0,0
BRDA:57,6,1,0
BRDA:94,7,0,0
BRDA:94,7,1,0
BRDA:111,8,0,0
BRDA:111,8,1,0
BRDA:116,9,0,0
BRDA:116,9,1,0
BRDA:117,10,0,0
BRDA:117,10,1,0
BRDA:118,11,0,0
BRDA:118,11,1,0
BRDA:138,12,0,0
BRDA:138,12,1,0
BRDA:143,13,0,0
BRDA:143,13,1,0
BRDA:144,14,0,0
BRDA:144,14,1,0
BRDA:145,15,0,0
BRDA:145,15,1,0
BRDA:149,16,0,0
BRDA:149,16,1,0
BRDA:169,17,0,0
BRDA:169,17,1,0
BRDA:175,18,0,0
BRDA:175,18,1,1
BRF:38
BRH:6
end_of_record
TN:
SF:config\database.js
FN:8,resolveConnectionString
FN:54,mapMongoStyleDocument
FN:71,query
FN:75,withTransaction
FN:90,testConnection
FN:94,closePool
FNF:6
FNH:1
FNDA:13,resolveConnectionString
FNDA:0,mapMongoStyleDocument
FNDA:0,query
FNDA:0,withTransaction
FNDA:0,testConnection
FNDA:0,closePool
DA:1,13
DA:2,13
DA:3,13
DA:4,13
DA:6,13
DA:9,13
DA:10,0
DA:14,13
DA:15,13
DA:17,13
DA:18,13
DA:19,13
DA:21,13
DA:22,0
DA:27,13
DA:31,13
DA:36,13
DA:38,13
DA:47,13
DA:55,0
DA:56,0
DA:57,0
DA:60,0
DA:61,0
DA:62,0
DA:63,0
DA:64,0
DA:66,0
DA:68,0
DA:72,0
DA:76,0
DA:77,0
DA:78,0
DA:79,0
DA:80,0
DA:81,0
DA:83,0
DA:84,0
DA:86,0
DA:91,0
DA:95,0
DA:98,13
LF:42
LH:18
BRDA:9,0,0,0
BRDA:9,0,1,13
BRDA:14,1,0,13
BRDA:14,1,1,0
BRDA:14,1,2,0
BRDA:15,2,0,13
BRDA:15,2,1,0
BRDA:17,3,0,13
BRDA:17,3,1,0
BRDA:17,3,2,0
BRDA:18,4,0,13
BRDA:18,4,1,0
BRDA:18,4,2,0
BRDA:19,5,0,13
BRDA:19,5,1,0
BRDA:19,5,2,0
BRDA:21,6,0,0
BRDA:21,6,1,13
BRDA:27,7,0,13
BRDA:27,7,1,0
BRDA:38,8,0,0
BRDA:38,8,1,13
BRDA:41,9,0,0
BRDA:41,9,1,0
BRDA:50,10,0,13
BRDA:50,10,1,13
BRDA:51,11,0,13
BRDA:51,11,1,13
BRDA:55,12,0,0
BRDA:55,12,1,0
BRDA:55,13,0,0
BRDA:55,13,1,0
BRDA:56,14,0,0
BRDA:56,14,1,0
BRDA:62,15,0,0
BRDA:62,15,1,0
BRDA:71,16,0,0
BRF:37
BRH:13
end_of_record
TN:
SF:config\environment.js
FN:5,loadEnvironment
FN:11,isProduction
FN:15,getCorsOrigins
FN:18,(anonymous_3)
FNF:4
FNH:4
FNDA:14,loadEnvironment
FNDA:11,isProduction
FNDA:1,getCorsOrigins
FNDA:1,(anonymous_3)
DA:1,13
DA:3,13
DA:6,14
DA:7,13
DA:8,13
DA:12,11
DA:16,1
DA:18,1
DA:22,13
LF:9
LH:9
BRDA:6,0,0,1
BRDA:6,0,1,13
BRDA:16,1,0,1
BRDA:16,1,1,1
BRF:4
BRH:4
end_of_record
TN:
SF:controllers\chatController.js
FN:6,chatController
FN:44,(anonymous_1)
FN:53,(anonymous_2)
FN:65,saveConversationController
FNF:4
FNH:1
FNDA:1,chatController
FNDA:0,(anonymous_1)
FNDA:0,(anonymous_2)
FNDA:0,saveConversationController
DA:1,1
DA:2,1
DA:3,1
DA:4,1
DA:7,1
DA:8,1
DA:10,1
DA:11,1
DA:15,1
DA:23,1
DA:24,0
DA:31,1
DA:32,0
DA:39,1
DA:44,0
DA:51,1
DA:53,0
DA:61,0
DA:66,0
DA:67,0
DA:68,0
DA:71,0
DA:72,0
DA:73,0
DA:80,0
DA:81,0
DA:90,0
DA:92,0
DA:96,1
LF:29
LH:14
BRDA:7,0,0,1
BRDA:7,0,1,0
BRDA:8,1,0,0
BRDA:8,1,1,1
BRDA:15,2,0,0
BRDA:15,2,1,1
BRDA:23,3,0,0
BRDA:23,3,1,1
BRDA:31,4,0,0
BRDA:31,4,1,1
BRDA:45,5,0,1
BRDA:45,5,1,1
BRDA:58,6,0,0
BRDA:58,6,1,1
BRDA:67,7,0,0
BRDA:67,7,1,0
BRDA:67,8,0,0
BRDA:67,8,1,0
BRDA:67,8,2,0
BRF:19
BRH:8
end_of_record
TN:
SF:lib\jwt.js
FN:16,generateToken
FN:25,verifyToken
FNF:2
FNH:1
FNDA:2,generateToken
FNDA:0,verifyToken
DA:2,1
DA:3,1
DA:5,1
DA:6,1
DA:8,1
DA:9,0
DA:12,1
DA:13,0
DA:18,2
DA:26,0
DA:29,1
LF:11
LH:8
BRDA:8,0,0,0
BRDA:8,0,1,1
BRDA:12,1,0,0
BRDA:12,1,1,1
BRF:4
BRH:2
end_of_record
TN:
SF:lib\objectId.js
FN:3,createObjectId
FNF:1
FNH:1
FNDA:1,createObjectId
DA:1,1
DA:4,1
DA:7,1
LF:3
LH:3
BRF:0
BRH:0
end_of_record
TN:
SF:middleware\auditLogger.js
FN:3,getIpAddress
FN:12,auditLogger
FN:23,(anonymous_2)
FNF:3
FNH:3
FNDA:11,getIpAddress
FNDA:11,auditLogger
FNDA:5,(anonymous_2)
DA:1,1
DA:4,11
DA:5,11
DA:6,0
DA:9,11
DA:13,11
DA:22,11
DA:23,11
DA:24,5
DA:37,11
DA:40,1
LF:11
LH:10
BRDA:5,0,0,0
BRDA:5,0,1,11
BRDA:5,1,0,11
BRDA:5,1,1,0
BRDA:9,2,0,11
BRDA:9,2,1,0
BRDA:9,2,2,0
BRDA:14,3,0,11
BRDA:14,3,1,11
BRDA:15,4,0,11
BRDA:15,4,1,11
BRDA:16,5,0,11
BRDA:16,5,1,0
BRDA:16,5,2,0
BRDA:23,6,0,0
BRDA:25,7,0,5
BRDA:25,7,1,5
BRDA:25,7,2,2
BRDA:26,8,0,5
BRDA:26,8,1,5
BRDA:26,8,2,2
BRDA:27,9,0,5
BRDA:27,9,1,5
BRDA:28,10,0,5
BRDA:28,10,1,5
BRF:25
BRH:18
end_of_record
TN:
SF:middleware\errorHandler.js
FN:1,errorHandler
FNF:1
FNH:1
FNDA:1,errorHandler
DA:2,1
DA:3,1
DA:4,1
DA:6,1
DA:7,1
DA:14,0
DA:21,1
DA:24,2
LF:8
LH:7
BRDA:2,0,0,1
BRDA:2,0,1,1
BRDA:4,1,0,1
BRDA:4,1,1,0
BRDA:6,2,0,1
BRDA:6,2,1,0
BRF:6
BRH:4
end_of_record
TN:
SF:middleware\rateLimitMiddleware.js
FN:3,getClientIp
FN:12,resolveIdentity
FN:20,createRateLimiter
FN:26,rateLimitMiddleware
FNF:4
FNH:4
FNDA:2,getClientIp
FNDA:3,resolveIdentity
FNDA:3,createRateLimiter
FNDA:3,rateLimitMiddleware
DA:1,1
DA:4,2
DA:5,2
DA:6,0
DA:9,2
DA:13,3
DA:14,1
DA:17,2
DA:26,3
DA:27,3
DA:28,3
DA:29,3
DA:31,3
DA:32,3
DA:36,3
DA:39,0
DA:41,0
DA:42,0
DA:45,0
DA:46,0
DA:48,0
DA:54,1
DA:61,1
DA:68,1
DA:75,1
LF:25
LH:18
BRDA:5,0,0,0
BRDA:5,0,1,2
BRDA:5,1,0,2
BRDA:5,1,1,0
BRDA:9,2,0,2
BRDA:9,2,1,0
BRDA:9,2,2,0
BRDA:12,3,0,0
BRDA:13,4,0,1
BRDA:13,4,1,2
BRDA:13,5,0,3
BRDA:13,5,1,1
BRDA:23,6,0,0
BRDA:24,7,0,0
BRDA:31,8,0,3
BRDA:31,8,1,0
BRDA:31,9,0,3
BRDA:31,9,1,0
BRDA:41,10,0,0
BRDA:41,10,1,0
BRF:20
BRH:9
end_of_record
TN:
SF:models\_shared.js
FN:1,normalizeId
FN:12,normalizeDate
FN:17,serializeJson
FNF:3
FNH:2
FNDA:8,normalizeId
FNDA:0,normalizeDate
FNDA:2,serializeJson
DA:2,8
DA:3,6
DA:4,0
DA:5,0
DA:6,0
DA:7,0
DA:9,0
DA:13,0
DA:14,0
DA:18,2
DA:21,11
LF:11
LH:4
BRDA:2,0,0,2
BRDA:2,0,1,6
BRDA:2,1,0,8
BRDA:2,1,1,6
BRDA:3,2,0,6
BRDA:3,2,1,0
BRDA:4,3,0,0
BRDA:4,3,1,0
BRDA:5,4,0,0
BRDA:5,4,1,0
BRDA:6,5,0,0
BRDA:6,5,1,0
BRDA:7,6,0,0
BRDA:7,6,1,0
BRDA:13,7,0,0
BRDA:13,7,1,0
BRDA:14,8,0,0
BRDA:14,8,1,0
BRDA:18,9,0,0
BRDA:18,9,1,2
BRF:20
BRH:6
end_of_record
TN:
SF:models\appointmentModel.js
FN:4,mapAppointment
FN:21,createAppointment
FN:22,(anonymous_2)
FN:62,findAppointmentsByPatientId
FN:72,findAppointmentsByDoctorId
FNF:5
FNH:0
FNDA:0,mapAppointment
FNDA:0,createAppointment
FNDA:0,(anonymous_2)
FNDA:0,findAppointmentsByPatientId
FNDA:0,findAppointmentsByDoctorId
DA:1,2
DA:2,2
DA:5,0
DA:6,0
DA:22,0
DA:23,0
DA:43,0
DA:44,0
DA:45,0
DA:46,0
DA:58,0
DA:63,0
DA:69,0
DA:73,0
DA:79,0
DA:82,2
LF:16
LH:3
BRDA:5,0,0,0
BRDA:5,0,1,0
BRDA:21,1,0,0
BRDA:39,2,0,0
BRDA:39,2,1,0
BRDA:43,3,0,0
BRDA:43,3,1,0
BRDA:45,4,0,0
BRDA:45,4,1,0
BRDA:45,5,0,0
BRDA:45,5,1,0
BRF:11
BRH:0
end_of_record
TN:
SF:models\communityModel.js
FN:4,mapComment
FN:16,mapCommunityPost
FN:34,listCommunityPosts
FN:65,(anonymous_3)
FN:81,(anonymous_4)
FN:86,findCommunityPostById
FN:88,(anonymous_6)
FN:91,createCommunityPost
FN:109,togglePostEngagement
FN:133,addPostComment
FNF:10
FNH:0
FNDA:0,mapComment
FNDA:0,mapCommunityPost
FNDA:0,listCommunityPosts
FNDA:0,(anonymous_3)
FNDA:0,(anonymous_4)
FNDA:0,findCommunityPostById
FNDA:0,(anonymous_6)
FNDA:0,createCommunityPost
FNDA:0,togglePostEngagement
FNDA:0,addPostComment
DA:1,2
DA:2,2
DA:5,0
DA:6,0
DA:17,0
DA:18,0
DA:35,0
DA:36,0
DA:65,0
DA:66,0
DA:68,0
DA:73,0
DA:74,0
DA:75,0
DA:76,0
DA:77,0
DA:78,0
DA:81,0
DA:82,0
DA:87,0
DA:88,0
DA:92,0
DA:106,0
DA:110,0
DA:111,0
DA:113,0
DA:118,0
DA:119,0
DA:123,0
DA:126,0
DA:130,0
DA:134,0
DA:148,0
DA:151,2
LF:34
LH:3
BRDA:5,0,0,0
BRDA:5,0,1,0
BRDA:16,1,0,0
BRDA:17,2,0,0
BRDA:17,2,1,0
BRDA:24,3,0,0
BRDA:24,3,1,0
BRDA:24,3,2,0
BRDA:25,4,0,0
BRDA:25,4,1,0
BRDA:25,4,2,0
BRDA:26,5,0,0
BRDA:26,5,1,0
BRDA:26,5,2,0
BRDA:30,6,0,0
BRDA:30,6,1,0
BRDA:66,7,0,0
BRDA:66,7,1,0
BRDA:76,8,0,0
BRDA:76,8,1,0
BRDA:82,9,0,0
BRDA:82,9,1,0
BRDA:88,10,0,0
BRDA:88,10,1,0
BRDA:99,11,0,0
BRDA:99,11,1,0
BRDA:100,12,0,0
BRDA:100,12,1,0
BRDA:101,13,0,0
BRDA:101,13,1,0
BRDA:102,14,0,0
BRDA:102,14,1,0
BRDA:118,15,0,0
BRDA:118,15,1,0
BRDA:144,16,0,0
BRDA:144,16,1,0
BRF:36
BRH:0
end_of_record
TN:
SF:models\doctorModel.js
FN:4,mapSlot
FN:16,mapDoctor
FN:38,listAllDoctors
FN:42,(anonymous_3)
FN:43,(anonymous_4)
FN:46,getSlotsByDoctorIds
FN:62,getDoctorByUserId
FN:76,upsertDoctorProfile
FN:118,listAvailabilities
FN:125,generateIntervals
FN:145,addDoctorSlots
FN:153,(anonymous_11)
FN:187,getDoctorSlots
FN:195,deleteDoctorSlot
FN:203,updateDoctorSlot
FN:220,findDoctorMessages
FN:228,(anonymous_16)
FNF:17
FNH:4
FNDA:1,mapSlot
FNDA:2,mapDoctor
FNDA:0,listAllDoctors
FNDA:0,(anonymous_3)
FNDA:0,(anonymous_4)
FNDA:0,getSlotsByDoctorIds
FNDA:1,getDoctorByUserId
FNDA:1,upsertDoctorProfile
FNDA:0,listAvailabilities
FNDA:0,generateIntervals
FNDA:0,addDoctorSlots
FNDA:0,(anonymous_11)
FNDA:0,getDoctorSlots
FNDA:0,deleteDoctorSlot
FNDA:0,updateDoctorSlot
FNDA:0,findDoctorMessages
FNDA:0,(anonymous_16)
DA:1,2
DA:2,2
DA:5,1
DA:17,2
DA:18,2
DA:39,0
DA:42,0
DA:43,0
DA:47,0
DA:48,0
DA:52,0
DA:53,0
DA:54,0
DA:55,0
DA:56,0
DA:57,0
DA:59,0
DA:63,1
DA:64,1
DA:71,1
DA:77,1
DA:78,1
DA:79,1
DA:80,1
DA:112,1
DA:119,0
DA:122,0
DA:126,0
DA:127,0
DA:128,0
DA:129,0
DA:130,0
DA:132,0
DA:133,0
DA:134,0
DA:135,0
DA:136,0
DA:137,0
DA:138,0
DA:139,0
DA:142,0
DA:146,0
DA:147,0
DA:148,0
DA:150,0
DA:151,0
DA:153,0
DA:154,0
DA:155,0
DA:156,0
DA:157,0
DA:166,0
DA:171,0
DA:183,0
DA:188,0
DA:192,0
DA:196,0
DA:200,0
DA:204,0
DA:217,0
DA:221,0
DA:228,0
DA:237,2
LF:63
LH:14
BRDA:16,0,0,1
BRDA:17,1,0,0
BRDA:17,1,1,2
BRDA:19,2,0,2
BRDA:19,2,1,0
BRDA:32,3,0,2
BRDA:32,3,1,1
BRDA:33,4,0,2
BRDA:33,4,1,2
BRDA:34,5,0,2
BRDA:34,5,1,2
BRDA:43,6,0,0
BRDA:43,6,1,0
BRDA:47,7,0,0
BRDA:47,7,1,0
BRDA:55,8,0,0
BRDA:55,8,1,0
BRDA:78,9,0,1
BRDA:78,9,1,1
BRDA:99,10,0,1
BRDA:99,10,1,0
BRDA:100,11,0,1
BRDA:100,11,1,1
BRDA:101,12,0,1
BRDA:101,12,1,1
BRDA:102,13,0,1
BRDA:102,13,1,1
BRDA:103,14,0,1
BRDA:103,14,1,1
BRDA:104,15,0,1
BRDA:104,15,1,1
BRDA:105,16,0,1
BRDA:105,16,1,1
BRDA:106,17,0,1
BRDA:106,17,1,1
BRDA:107,18,0,1
BRDA:107,18,1,1
BRDA:108,19,0,1
BRDA:108,19,1,1
BRDA:148,20,0,0
BRDA:148,20,1,0
BRDA:151,21,0,0
BRDA:151,21,1,0
BRDA:160,22,0,0
BRDA:160,22,1,0
BRDA:175,23,0,0
BRDA:175,23,1,0
BRDA:217,24,0,0
BRDA:217,24,1,0
BRF:49
BRH:30
end_of_record
TN:
SF:models\knowledgeModel.js
FN:3,toVectorLiteral
FN:7,deleteChunksByDocumentKey
FN:11,insertKnowledgeChunk
FN:37,searchKnowledgeChunks
FNF:4
FNH:2
FNDA:1,toVectorLiteral
FNDA:0,deleteChunksByDocumentKey
FNDA:0,insertKnowledgeChunk
FNDA:1,searchKnowledgeChunks
DA:1,2
DA:4,1
DA:8,0
DA:12,0
DA:38,1
DA:56,1
DA:59,2
LF:7
LH:5
BRDA:31,0,0,0
BRDA:31,0,1,0
BRDA:37,1,0,1
BRF:3
BRH:1
end_of_record
TN:
SF:models\messageModel.js
FN:4,mapConversation
FN:15,saveConversation
FN:25,findConversationsByUserId
FNF:3
FNH:2
FNDA:1,mapConversation
FNDA:1,saveConversation
FNDA:0,findConversationsByUserId
DA:1,2
DA:2,2
DA:5,1
DA:6,1
DA:16,1
DA:22,1
DA:26,0
DA:33,0
DA:36,2
LF:9
LH:7
BRDA:5,0,0,0
BRDA:5,0,1,1
BRDA:20,1,0,1
BRDA:20,1,1,1
BRF:4
BRH:3
end_of_record
TN:
SF:models\patientModel.js
FN:4,mapAssessment
FN:17,createAssessmentSession
FN:36,findLatestAssessmentByUserId
FN:44,findAssessmentById
FNF:4
FNH:2
FNDA:1,mapAssessment
FNDA:1,createAssessmentSession
FNDA:0,findLatestAssessmentByUserId
FNDA:0,findAssessmentById
DA:1,2
DA:2,2
DA:5,1
DA:6,1
DA:18,1
DA:33,1
DA:37,0
DA:41,0
DA:45,0
DA:49,0
DA:52,2
LF:11
LH:7
BRDA:5,0,0,0
BRDA:5,0,1,1
BRDA:9,1,0,1
BRDA:9,1,1,1
BRDA:25,2,0,1
BRDA:25,2,1,1
BRDA:29,3,0,1
BRDA:29,3,1,1
BRF:8
BRH:7
end_of_record
TN:
SF:models\postModel.js
FN:4,mapPost
FN:19,listPosts
FN:24,createPost
FN:44,incrementPostMetric
FNF:4
FNH:0
FNDA:0,mapPost
FNDA:0,listPosts
FNDA:0,createPost
FNDA:0,incrementPostMetric
DA:1,2
DA:2,2
DA:5,0
DA:6,0
DA:20,0
DA:21,0
DA:25,0
DA:41,0
DA:46,0
DA:47,0
DA:51,0
DA:54,2
LF:12
LH:3
BRDA:5,0,0,0
BRDA:5,0,1,0
BRDA:32,1,0,0
BRDA:32,1,1,0
BRDA:33,2,0,0
BRDA:33,2,1,0
BRDA:34,3,0,0
BRDA:34,3,1,0
BRDA:35,4,0,0
BRDA:35,4,1,0
BRDA:36,5,0,0
BRDA:36,5,1,0
BRDA:37,6,0,0
BRDA:37,6,1,0
BRDA:38,7,0,0
BRDA:38,7,1,0
BRDA:46,8,0,0
BRDA:46,8,1,0
BRDA:46,9,0,0
BRDA:46,9,1,0
BRF:20
BRH:0
end_of_record
TN:
SF:models\profileModel.js
FN:4,mapProfile
FN:30,findProfileByUserId
FN:37,upsertProfile
FNF:3
FNH:0
FNDA:0,mapProfile
FNDA:0,findProfileByUserId
FNDA:0,upsertProfile
DA:1,2
DA:2,2
DA:5,0
DA:6,0
DA:31,0
DA:34,0
DA:38,0
DA:39,0
DA:40,0
DA:90,0
DA:93,2
LF:11
LH:3
BRDA:5,0,0,0
BRDA:5,0,1,0
BRDA:38,1,0,0
BRDA:38,1,1,0
BRDA:39,2,0,0
BRDA:39,2,1,0
BRDA:74,3,0,0
BRDA:74,3,1,0
BRDA:75,4,0,0
BRDA:75,4,1,0
BRDA:76,5,0,0
BRDA:76,5,1,0
BRDA:82,6,0,0
BRDA:82,6,1,0
BRDA:83,7,0,0
BRDA:83,7,1,0
BRDA:84,8,0,0
BRDA:84,8,1,0
BRDA:85,9,0,0
BRDA:85,9,1,0
BRF:20
BRH:0
end_of_record
TN:
SF:models\userModel.js
FN:4,mapUser
FN:20,findUserByEmail
FN:25,findUserByEmailOrFacebookId
FN:36,findUserById
FN:41,createUser
FN:63,updateUser
FN:97,listPendingDoctors
FN:104,approveDoctor
FN:108,deleteUser
FN:113,listUsers
FN:119,(anonymous_10)
FNF:11
FNH:2
FNDA:1,mapUser
FNDA:1,findUserByEmail
FNDA:0,findUserByEmailOrFacebookId
FNDA:0,findUserById
FNDA:0,createUser
FNDA:0,updateUser
FNDA:0,listPendingDoctors
FNDA:0,approveDoctor
FNDA:0,deleteUser
FNDA:0,listUsers
FNDA:0,(anonymous_10)
DA:1,2
DA:2,2
DA:5,1
DA:6,1
DA:21,1
DA:22,1
DA:26,0
DA:33,0
DA:37,0
DA:38,0
DA:42,0
DA:60,0
DA:64,0
DA:65,0
DA:66,0
DA:68,0
DA:79,0
DA:80,0
DA:81,0
DA:82,0
DA:85,0
DA:86,0
DA:89,0
DA:90,0
DA:94,0
DA:98,0
DA:101,0
DA:105,0
DA:109,0
DA:110,0
DA:114,0
DA:119,0
DA:122,2
LF:33
LH:7
BRDA:5,0,0,0
BRDA:5,0,1,1
BRDA:51,1,0,0
BRDA:51,1,1,0
BRDA:52,2,0,0
BRDA:52,2,1,0
BRDA:53,3,0,0
BRDA:53,3,1,0
BRDA:54,4,0,0
BRDA:54,4,1,0
BRDA:56,5,0,0
BRDA:56,5,1,0
BRDA:57,6,0,0
BRDA:57,6,1,0
BRDA:80,7,0,0
BRDA:80,7,1,0
BRDA:85,8,0,0
BRDA:85,8,1,0
BRF:18
BRH:1
end_of_record
TN:
SF:routes\adminRoutes.js
FN:25,(anonymous_0)
FN:35,(anonymous_1)
FN:58,(anonymous_2)
FN:81,(anonymous_3)
FN:90,(anonymous_4)
FN:131,(anonymous_5)
FN:157,(anonymous_6)
FNF:7
FNH:2
FNDA:1,(anonymous_0)
FNDA:1,(anonymous_1)
FNDA:0,(anonymous_2)
FNDA:0,(anonymous_3)
FNDA:0,(anonymous_4)
FNDA:0,(anonymous_5)
FNDA:0,(anonymous_6)
DA:2,1
DA:3,1
DA:11,1
DA:12,1
DA:15,1
DA:16,1
DA:18,1
DA:21,1
DA:22,1
DA:25,1
DA:26,1
DA:27,1
DA:28,1
DA:30,0
DA:35,1
DA:36,1
DA:37,1
DA:39,1
DA:40,1
DA:41,1
DA:51,1
DA:53,0
DA:58,1
DA:59,0
DA:60,0
DA:62,0
DA:63,0
DA:64,0
DA:74,0
DA:76,0
DA:81,1
DA:82,0
DA:83,0
DA:84,0
DA:86,0
DA:90,1
DA:91,0
DA:92,0
DA:94,0
DA:95,0
DA:96,0
DA:99,0
DA:100,0
DA:101,0
DA:102,0
DA:105,0
DA:106,0
DA:117,0
DA:127,0
DA:131,1
DA:132,0
DA:134,0
DA:135,0
DA:136,0
DA:137,0
DA:140,0
DA:141,0
DA:151,0
DA:153,0
DA:157,1
DA:158,0
DA:159,0
DA:169,0
DA:171,0
DA:175,1
LF:65
LH:26
BRDA:37,0,0,0
BRDA:37,0,1,1
BRDA:60,1,0,0
BRDA:60,1,1,0
BRDA:94,2,0,0
BRDA:94,2,1,0
BRDA:95,3,0,0
BRDA:95,3,1,0
BRDA:101,4,0,0
BRDA:101,4,1,0
BRDA:136,5,0,0
BRDA:136,5,1,0
BRF:12
BRH:1
end_of_record
TN:
SF:routes\authRoutes.js
FN:30,normalizeStoredRole
FN:38,normalizeUserRoleInDb
FN:47,getCookieOptions
FN:58,(anonymous_3)
FN:142,(anonymous_4)
FN:230,(anonymous_5)
FN:280,(anonymous_6)
FN:331,(anonymous_7)
FN:365,(anonymous_8)
FN:436,(anonymous_9)
FNF:10
FNH:6
FNDA:1,normalizeStoredRole
FNDA:1,normalizeUserRoleInDb
FNDA:2,getCookieOptions
FNDA:0,(anonymous_3)
FNDA:0,(anonymous_4)
FNDA:1,(anonymous_5)
FNDA:0,(anonymous_6)
FNDA:0,(anonymous_7)
FNDA:1,(anonymous_8)
FNDA:1,(anonymous_9)
DA:2,1
DA:3,1
DA:4,1
DA:5,1
DA:6,1
DA:7,1
DA:8,1
DA:9,1
DA:10,1
DA:17,1
DA:18,1
DA:19,1
DA:22,1
DA:23,1
DA:24,1
DA:25,1
DA:26,1
DA:27,1
DA:28,1
DA:31,1
DA:32,1
DA:33,1
DA:35,0
DA:39,1
DA:40,1
DA:41,0
DA:42,0
DA:44,1
DA:48,2
DA:58,1
DA:59,0
DA:60,0
DA:61,0
DA:64,0
DA:65,0
DA:66,0
DA:67,0
DA:69,0
DA:70,0
DA:74,0
DA:75,0
DA:76,0
DA:87,0
DA:88,0
DA:96,0
DA:99,0
DA:101,0
DA:102,0
DA:103,0
DA:113,0
DA:114,0
DA:117,0
DA:127,0
DA:128,0
DA:137,0
DA:142,1
DA:143,0
DA:144,0
DA:145,0
DA:148,0
DA:149,0
DA:156,0
DA:157,0
DA:158,0
DA:159,0
DA:160,0
DA:162,0
DA:163,0
DA:166,0
DA:168,0
DA:169,0
DA:179,0
DA:180,0
DA:188,0
DA:190,0
DA:191,0
DA:192,0
DA:193,0
DA:203,0
DA:204,0
DA:207,0
DA:216,0
DA:225,0
DA:230,1
DA:231,1
DA:232,1
DA:233,0
DA:236,1
DA:237,1
DA:238,1
DA:239,0
DA:242,1
DA:244,1
DA:254,1
DA:255,1
DA:256,1
DA:266,1
DA:274,0
DA:275,0
DA:280,1
DA:281,0
DA:282,0
DA:283,0
DA:286,0
DA:287,0
DA:288,0
DA:289,0
DA:292,0
DA:293,0
DA:302,0
DA:303,0
DA:304,0
DA:314,0
DA:322,0
DA:327,1
DA:332,0
DA:333,0
DA:334,0
DA:335,0
DA:336,0
DA:337,0
DA:339,0
DA:340,0
DA:343,0
DA:344,0
DA:345,0
DA:346,0
DA:357,0
DA:359,0
DA:365,1
DA:366,1
DA:368,1
DA:369,0
DA:372,1
DA:373,1
DA:374,1
DA:375,0
DA:384,0
DA:386,1
DA:387,1
DA:388,0
DA:397,0
DA:400,1
DA:403,1
DA:405,1
DA:406,1
DA:407,1
DA:417,1
DA:418,0
DA:421,1
DA:431,0
DA:432,0
DA:436,1
DA:437,1
DA:438,1
DA:440,1
DA:443,1
DA:445,1
DA:446,0
DA:447,0
DA:448,0
DA:449,0
DA:462,1
DA:468,1
DA:471,1
LF:165
LH:66
BRDA:23,0,0,1
BRDA:23,0,1,0
BRDA:32,1,0,1
BRDA:32,1,1,0
BRDA:32,2,0,1
BRDA:32,2,1,0
BRDA:32,2,2,0
BRDA:32,2,3,0
BRDA:40,3,0,0
BRDA:40,3,1,1
BRDA:60,4,0,0
BRDA:60,4,1,0
BRDA:69,5,0,0
BRDA:69,5,1,0
BRDA:69,6,0,0
BRDA:69,6,1,0
BRDA:75,7,0,0
BRDA:75,7,1,0
BRDA:81,8,0,0
BRDA:81,8,1,0
BRDA:87,9,0,0
BRDA:87,9,1,0
BRDA:87,9,2,0
BRDA:89,10,0,0
BRDA:89,10,1,0
BRDA:91,11,0,0
BRDA:91,11,1,0
BRDA:113,12,0,0
BRDA:113,12,1,0
BRDA:123,13,0,0
BRDA:123,13,1,0
BRDA:131,14,0,0
BRDA:131,14,1,0
BRDA:144,15,0,0
BRDA:144,15,1,0
BRDA:156,16,0,0
BRDA:156,16,1,0
BRDA:158,17,0,0
BRDA:158,17,1,0
BRDA:159,18,0,0
BRDA:159,18,1,0
BRDA:160,19,0,0
BRDA:160,19,1,0
BRDA:162,20,0,0
BRDA:162,20,1,0
BRDA:168,21,0,0
BRDA:168,21,1,0
BRDA:179,22,0,0
BRDA:179,22,1,0
BRDA:179,23,0,0
BRDA:179,23,1,0
BRDA:179,23,2,0
BRDA:182,24,0,0
BRDA:182,24,1,0
BRDA:182,24,2,0
BRDA:183,25,0,0
BRDA:183,25,1,0
BRDA:203,26,0,0
BRDA:203,26,1,0
BRDA:213,27,0,0
BRDA:213,27,1,0
BRDA:219,28,0,0
BRDA:219,28,1,0
BRDA:232,29,0,0
BRDA:232,29,1,1
BRDA:232,30,0,1
BRDA:232,30,1,1
BRDA:232,30,2,1
BRDA:238,31,0,0
BRDA:238,31,1,1
BRDA:282,32,0,0
BRDA:282,32,1,0
BRDA:282,33,0,0
BRDA:282,33,1,0
BRDA:282,33,2,0
BRDA:288,34,0,0
BRDA:288,34,1,0
BRDA:335,35,0,0
BRDA:335,35,1,0
BRDA:336,36,0,0
BRDA:336,36,1,0
BRDA:339,37,0,0
BRDA:339,37,1,0
BRDA:368,38,0,0
BRDA:368,38,1,1
BRDA:368,39,0,1
BRDA:368,39,1,1
BRDA:374,40,0,0
BRDA:374,40,1,1
BRDA:387,41,0,0
BRDA:387,41,1,1
BRDA:417,42,0,0
BRDA:417,42,1,1
BRDA:427,43,0,1
BRDA:427,43,1,1
BRDA:440,44,0,0
BRDA:440,44,1,1
BRDA:440,45,0,1
BRDA:440,45,1,0
BRDA:443,46,0,1
BRDA:443,46,1,1
BRDA:445,47,0,0
BRDA:445,47,1,1
BRDA:448,48,0,0
BRDA:448,48,1,0
BRF:105
BRH:22
end_of_record
TN:
SF:routes\chatRoutes.js
FNF:0
FNH:0
DA:1,1
DA:2,1
DA:3,1
DA:4,1
DA:5,1
DA:6,1
DA:7,1
DA:8,1
DA:9,1
DA:13,1
DA:15,1
DA:27,1
DA:37,1
DA:44,1
LF:14
LH:14
BRF:0
BRH:0
end_of_record
TN:
SF:routes\doctorRoutes.js
FN:26,isAdmin
FN:30,requireDoctorOwnership
FN:31,(anonymous_2)
FN:44,requirePatientOwnership
FN:45,(anonymous_4)
FN:60,(anonymous_5)
FN:70,(anonymous_6)
FN:90,(anonymous_7)
FN:122,(anonymous_8)
FN:151,(anonymous_9)
FN:172,(anonymous_10)
FN:197,(anonymous_11)
FN:220,(anonymous_12)
FN:229,(anonymous_13)
FN:303,(anonymous_14)
FN:309,(anonymous_15)
FN:341,(anonymous_16)
FN:349,(anonymous_17)
FN:374,(anonymous_18)
FNF:19
FNH:5
FNDA:0,isAdmin
FNDA:7,requireDoctorOwnership
FNDA:1,(anonymous_2)
FNDA:1,requirePatientOwnership
FNDA:0,(anonymous_4)
FNDA:0,(anonymous_5)
FNDA:1,(anonymous_6)
FNDA:0,(anonymous_7)
FNDA:0,(anonymous_8)
FNDA:0,(anonymous_9)
FNDA:0,(anonymous_10)
FNDA:0,(anonymous_11)
FNDA:0,(anonymous_12)
FNDA:0,(anonymous_13)
FNDA:0,(anonymous_14)
FNDA:0,(anonymous_15)
FNDA:0,(anonymous_16)
FNDA:0,(anonymous_17)
FNDA:1,(anonymous_18)
DA:1,1
DA:2,1
DA:3,1
DA:4,1
DA:5,1
DA:16,1
DA:21,1
DA:22,1
DA:24,1
DA:27,0
DA:31,7
DA:32,1
DA:33,0
DA:36,1
DA:37,1
DA:38,0
DA:40,1
DA:45,1
DA:46,0
DA:47,0
DA:48,0
DA:51,0
DA:52,0
DA:53,0
DA:55,0
DA:60,1
DA:61,0
DA:62,0
DA:63,0
DA:65,0
DA:70,1
DA:71,1
DA:72,1
DA:73,1
DA:74,1
DA:75,0
DA:78,1
DA:80,0
DA:86,1
DA:91,0
DA:92,0
DA:93,0
DA:106,0
DA:107,0
DA:110,0
DA:112,0
DA:113,0
DA:117,1
DA:123,0
DA:124,0
DA:125,0
DA:126,0
DA:128,0
DA:134,0
DA:135,0
DA:136,0
DA:139,0
DA:141,0
DA:146,1
DA:152,0
DA:153,0
DA:154,0
DA:156,0
DA:157,0
DA:160,0
DA:163,0
DA:167,1
DA:173,0
DA:174,0
DA:176,0
DA:177,0
DA:180,0
DA:181,0
DA:182,0
DA:184,0
DA:187,0
DA:192,1
DA:198,0
DA:199,0
DA:200,0
DA:202,0
DA:204,0
DA:205,0
DA:208,0
DA:209,0
DA:210,0
DA:212,0
DA:215,0
DA:220,1
DA:221,0
DA:222,0
DA:223,0
DA:225,0
DA:229,1
DA:230,0
DA:231,0
DA:232,0
DA:233,0
DA:235,0
DA:236,0
DA:239,0
DA:240,0
DA:244,0
DA:250,0
DA:263,0
DA:264,0
DA:265,0
DA:268,0
DA:274,0
DA:286,0
DA:292,0
DA:293,0
DA:298,1
DA:304,0
DA:305,0
DA:306,0
DA:309,0
DA:310,0
DA:311,0
DA:317,0
DA:328,0
DA:330,0
DA:331,0
DA:336,1
DA:342,0
DA:343,0
DA:344,0
DA:346,0
DA:348,0
DA:349,0
DA:350,0
DA:352,0
DA:362,0
DA:364,0
DA:369,1
DA:375,1
DA:376,1
DA:377,1
DA:379,1
DA:381,1
DA:382,1
DA:392,1
DA:394,0
DA:398,1
LF:144
LH:40
BRDA:30,0,0,0
BRDA:32,1,0,0
BRDA:32,1,1,1
BRDA:37,2,0,0
BRDA:37,2,1,1
BRDA:44,3,0,0
BRDA:46,4,0,0
BRDA:46,4,1,0
BRDA:46,5,0,0
BRDA:46,5,1,0
BRDA:47,6,0,0
BRDA:47,6,1,0
BRDA:52,7,0,0
BRDA:52,7,1,0
BRDA:74,8,0,0
BRDA:74,8,1,1
BRDA:106,9,0,0
BRDA:106,9,1,0
BRDA:126,10,0,0
BRDA:126,10,1,0
BRDA:126,11,0,0
BRDA:126,11,1,0
BRDA:126,11,2,0
BRDA:134,12,0,0
BRDA:134,12,1,0
BRDA:135,13,0,0
BRDA:135,13,1,0
BRDA:156,14,0,0
BRDA:156,14,1,0
BRDA:160,15,0,0
BRDA:160,15,1,0
BRDA:176,16,0,0
BRDA:176,16,1,0
BRDA:176,17,0,0
BRDA:176,17,1,0
BRDA:181,18,0,0
BRDA:181,18,1,0
BRDA:202,19,0,0
BRDA:202,19,1,0
BRDA:202,20,0,0
BRDA:202,20,1,0
BRDA:202,20,2,0
BRDA:204,21,0,0
BRDA:204,21,1,0
BRDA:204,22,0,0
BRDA:204,22,1,0
BRDA:209,23,0,0
BRDA:209,23,1,0
BRDA:233,24,0,0
BRDA:233,24,1,0
BRDA:235,25,0,0
BRDA:235,25,1,0
BRDA:235,26,0,0
BRDA:235,26,1,0
BRDA:235,26,2,0
BRDA:239,27,0,0
BRDA:239,27,1,0
BRDA:239,28,0,0
BRDA:239,28,1,0
BRDA:239,28,2,0
BRDA:245,29,0,0
BRDA:245,29,1,0
BRDA:246,30,0,0
BRDA:246,30,1,0
BRDA:247,31,0,0
BRDA:247,31,1,0
BRDA:264,32,0,0
BRDA:264,32,1,0
BRDA:277,33,0,0
BRDA:277,33,1,0
BRDA:313,34,0,0
BRDA:313,34,1,0
BRDA:346,35,0,0
BRDA:346,35,1,0
BRDA:379,36,0,0
BRDA:379,36,1,1
BRF:76
BRH:4
end_of_record
TN:
SF:routes\patientRoutes.js
FN:72,buildAssessmentOutcome
FN:96,(anonymous_1)
FN:108,(anonymous_2)
FN:110,(anonymous_3)
FN:126,(anonymous_4)
FN:150,(anonymous_5)
FN:195,(anonymous_6)
FN:199,(anonymous_7)
FN:206,(anonymous_8)
FN:231,(anonymous_9)
FN:240,(anonymous_10)
FN:250,(anonymous_11)
FN:259,(anonymous_12)
FN:269,(anonymous_13)
FN:293,(anonymous_14)
FN:316,handlePostReaction
FN:330,(anonymous_16)
FN:334,(anonymous_17)
FNF:18
FNH:3
FNDA:0,buildAssessmentOutcome
FNDA:0,(anonymous_1)
FNDA:0,(anonymous_2)
FNDA:0,(anonymous_3)
FNDA:0,(anonymous_4)
FNDA:1,(anonymous_5)
FNDA:0,(anonymous_6)
FNDA:0,(anonymous_7)
FNDA:0,(anonymous_8)
FNDA:0,(anonymous_9)
FNDA:0,(anonymous_10)
FNDA:0,(anonymous_11)
FNDA:0,(anonymous_12)
FNDA:0,(anonymous_13)
FNDA:0,(anonymous_14)
FNDA:1,handlePostReaction
FNDA:1,(anonymous_16)
FNDA:0,(anonymous_17)
DA:1,1
DA:2,1
DA:3,1
DA:4,1
DA:5,1
DA:6,1
DA:7,1
DA:8,1
DA:13,1
DA:20,1
DA:22,1
DA:24,1
DA:25,1
DA:27,1
DA:73,0
DA:74,0
DA:81,0
DA:82,0
DA:89,0
DA:96,1
DA:97,0
DA:98,0
DA:106,0
DA:108,0
DA:110,0
DA:113,0
DA:122,0
DA:126,1
DA:127,0
DA:128,0
DA:133,0
DA:146,0
DA:150,1
DA:160,1
DA:162,1
DA:163,0
DA:166,1
DA:167,1
DA:172,1
DA:186,1
DA:191,0
DA:195,1
DA:196,0
DA:199,1
DA:200,0
DA:202,0
DA:203,0
DA:206,0
DA:207,0
DA:209,0
DA:210,0
DA:220,0
DA:227,0
DA:231,1
DA:232,0
DA:233,0
DA:234,0
DA:236,0
DA:240,1
DA:241,0
DA:242,0
DA:243,0
DA:244,0
DA:246,0
DA:250,1
DA:251,0
DA:252,0
DA:253,0
DA:255,0
DA:259,1
DA:260,0
DA:261,0
DA:262,0
DA:263,0
DA:265,0
DA:269,1
DA:270,0
DA:272,0
DA:273,0
DA:276,0
DA:277,0
DA:278,0
DA:287,0
DA:289,0
DA:293,1
DA:294,0
DA:295,0
DA:296,0
DA:299,0
DA:300,0
DA:301,0
DA:310,0
DA:312,0
DA:317,1
DA:318,1
DA:323,1
DA:324,1
DA:326,0
DA:330,1
DA:331,1
DA:334,1
DA:335,0
DA:338,1
LF:103
LH:39
BRDA:73,0,0,0
BRDA:73,0,1,0
BRDA:81,1,0,0
BRDA:81,1,1,0
BRDA:110,2,0,0
BRDA:110,2,1,0
BRDA:134,3,0,0
BRDA:134,3,1,0
BRDA:135,4,0,0
BRDA:135,4,1,0
BRDA:136,5,0,0
BRDA:136,5,1,0
BRDA:137,6,0,0
BRDA:137,6,1,0
BRDA:138,7,0,0
BRDA:138,7,1,0
BRDA:139,8,0,0
BRDA:139,8,1,0
BRDA:140,9,0,0
BRDA:140,9,1,0
BRDA:141,10,0,0
BRDA:141,10,1,0
BRDA:160,11,0,1
BRDA:160,11,1,0
BRDA:162,12,0,0
BRDA:162,12,1,1
BRDA:162,13,0,1
BRDA:162,13,1,1
BRDA:162,13,2,1
BRDA:162,13,3,1
BRDA:200,14,0,0
BRDA:200,14,1,0
BRDA:202,15,0,0
BRDA:202,15,1,0
BRDA:202,16,0,0
BRDA:202,16,1,0
BRDA:206,17,0,0
BRDA:206,17,1,0
BRDA:243,18,0,0
BRDA:243,18,1,0
BRDA:262,19,0,0
BRDA:262,19,1,0
BRDA:270,20,0,0
BRDA:270,20,1,0
BRDA:272,21,0,0
BRDA:272,21,1,0
BRDA:272,22,0,0
BRDA:272,22,1,0
BRDA:281,23,0,0
BRDA:281,23,1,0
BRDA:282,24,0,0
BRDA:282,24,1,0
BRDA:283,25,0,0
BRDA:283,25,1,0
BRDA:294,26,0,0
BRDA:294,26,1,0
BRDA:295,27,0,0
BRDA:295,27,1,0
BRDA:295,28,0,0
BRDA:295,28,1,0
BRDA:305,29,0,0
BRDA:305,29,1,0
BRF:62
BRH:6
end_of_record
TN:
SF:routes\profileRoutes.js
FN:13,(anonymous_0)
FN:46,(anonymous_1)
FN:88,(anonymous_2)
FN:101,(anonymous_3)
FNF:4
FNH:0
FNDA:0,(anonymous_0)
FNDA:0,(anonymous_1)
FNDA:0,(anonymous_2)
FNDA:0,(anonymous_3)
DA:1,1
DA:2,1
DA:3,1
DA:4,1
DA:5,1
DA:6,1
DA:7,1
DA:9,1
DA:10,1
DA:13,1
DA:14,0
DA:15,0
DA:17,0
DA:18,0
DA:19,0
DA:20,0
DA:22,0
DA:23,0
DA:32,0
DA:41,0
DA:46,1
DA:47,0
DA:48,0
DA:54,0
DA:56,0
DA:57,0
DA:74,0
DA:76,0
DA:81,0
DA:88,0
DA:92,0
DA:95,0
DA:96,0
DA:101,1
DA:102,0
DA:103,0
DA:105,0
DA:107,0
DA:108,0
DA:109,0
DA:111,0
DA:112,0
DA:115,0
DA:116,0
DA:124,0
DA:126,0
DA:133,0
DA:134,0
DA:136,0
DA:137,0
DA:141,1
LF:51
LH:13
BRDA:15,0,0,0
BRDA:15,0,1,0
BRDA:19,1,0,0
BRDA:19,1,1,0
BRDA:22,2,0,0
BRDA:22,2,1,0
BRDA:36,3,0,0
BRDA:36,3,1,0
BRDA:48,4,0,0
BRDA:48,4,1,0
BRDA:88,5,0,0
BRDA:88,5,1,0
BRDA:103,6,0,0
BRDA:103,6,1,0
BRDA:108,7,0,0
BRDA:108,7,1,0
BRDA:111,8,0,0
BRDA:111,8,1,0
BRDA:111,9,0,0
BRDA:111,9,1,0
BRDA:124,10,0,0
BRDA:124,10,1,0
BRDA:124,10,2,0
BRDA:130,11,0,0
BRDA:130,11,1,0
BRDA:130,12,0,0
BRDA:130,12,1,0
BRDA:130,12,2,0
BRF:28
BRH:0
end_of_record
TN:
SF:security\dataClassification.js
FN:44,normalizeFieldName
FN:48,classifyField
FN:53,shouldEncryptField
FNF:3
FNH:3
FNDA:6,normalizeFieldName
FNDA:6,classifyField
FNDA:6,shouldEncryptField
DA:1,2
DA:8,2
DA:39,2
DA:45,6
DA:49,6
DA:50,6
DA:54,6
DA:57,2
LF:8
LH:8
BRDA:45,0,0,6
BRDA:45,0,1,0
BRDA:50,1,0,6
BRDA:50,1,1,2
BRF:4
BRH:3
end_of_record
TN:
SF:security\encryptionKeys.js
FN:1,getPhiEncryptionKey
FNF:1
FNH:1
FNDA:2,getPhiEncryptionKey
DA:2,2
DA:3,2
DA:4,0
DA:7,2
DA:8,2
DA:11,0
DA:12,0
DA:13,0
DA:16,0
DA:21,2
LF:10
LH:5
BRDA:3,0,0,0
BRDA:3,0,1,2
BRDA:7,1,0,2
BRDA:7,1,1,0
BRDA:12,2,0,0
BRDA:12,2,1,0
BRF:6
BRH:2
end_of_record
TN:
SF:services\aiService.js
FN:4,generateAiResponse
FNF:1
FNH:0
FNDA:0,generateAiResponse
DA:1,1
DA:2,1
DA:5,0
DA:6,0
DA:7,0
DA:8,0
DA:9,0
DA:12,0
DA:30,0
DA:33,1
LF:10
LH:3
BRDA:4,0,0,0
BRDA:6,1,0,0
BRDA:6,1,1,0
BRDA:15,2,0,0
BRDA:15,2,1,0
BRDA:30,3,0,0
BRDA:30,3,1,0
BRF:7
BRH:0
end_of_record
TN:
SF:services\auditLogService.js
FN:26,isPlainObject
FN:30,sanitizeMetadataValue
FN:40,(anonymous_2)
FN:45,(anonymous_3)
FN:59,sanitizeMetadata
FN:65,(anonymous_5)
FN:69,logAuditEvent
FN:103,logAuditEventSafely
FN:117,listAuditLogs
FN:159,(anonymous_9)
FNF:10
FNH:7
FNDA:3,isPlainObject
FNDA:1,sanitizeMetadataValue
FNDA:0,(anonymous_2)
FNDA:0,(anonymous_3)
FNDA:2,sanitizeMetadata
FNDA:1,(anonymous_5)
FNDA:3,logAuditEvent
FNDA:0,logAuditEventSafely
FNDA:1,listAuditLogs
FNDA:1,(anonymous_9)
DA:1,3
DA:2,3
DA:4,3
DA:5,3
DA:27,3
DA:31,1
DA:32,1
DA:34,1
DA:35,1
DA:36,0
DA:39,1
DA:40,0
DA:43,1
DA:44,0
DA:45,0
DA:52,1
DA:53,1
DA:54,0
DA:56,0
DA:60,2
DA:61,0
DA:64,2
DA:65,1
DA:79,3
DA:80,1
DA:83,2
DA:100,2
DA:104,0
DA:105,0
DA:107,0
DA:113,0
DA:118,1
DA:119,1
DA:121,1
DA:122,0
DA:123,0
DA:125,1
DA:126,0
DA:127,0
DA:129,1
DA:130,0
DA:131,0
DA:133,1
DA:134,0
DA:135,0
DA:137,1
DA:138,0
DA:139,0
DA:141,1
DA:142,0
DA:143,0
DA:146,1
DA:147,1
DA:148,1
DA:150,1
DA:159,1
DA:172,3
LF:57
LH:34
BRDA:30,0,0,0
BRDA:30,1,0,1
BRDA:31,2,0,0
BRDA:31,2,1,1
BRDA:32,3,0,0
BRDA:32,3,1,1
BRDA:32,4,0,1
BRDA:32,4,1,1
BRDA:35,5,0,0
BRDA:35,5,1,1
BRDA:35,6,0,1
BRDA:35,6,1,1
BRDA:39,7,0,0
BRDA:39,7,1,1
BRDA:43,8,0,0
BRDA:43,8,1,1
BRDA:52,9,0,0
BRDA:52,9,1,1
BRDA:53,10,0,1
BRDA:53,10,1,0
BRDA:53,11,0,0
BRDA:53,11,1,1
BRDA:54,12,0,0
BRDA:54,12,1,0
BRDA:59,13,0,0
BRDA:60,14,0,0
BRDA:60,14,1,2
BRDA:70,15,0,3
BRDA:71,16,0,3
BRDA:74,17,0,2
BRDA:75,18,0,3
BRDA:76,19,0,3
BRDA:77,20,0,2
BRDA:79,21,0,1
BRDA:79,21,1,2
BRDA:79,22,0,3
BRDA:79,22,1,3
BRDA:90,23,0,2
BRDA:90,23,1,2
BRDA:93,24,0,1
BRDA:93,24,1,1
BRDA:110,25,0,0
BRDA:110,25,1,0
BRDA:117,26,0,1
BRDA:121,27,0,0
BRDA:121,27,1,1
BRDA:125,28,0,0
BRDA:125,28,1,1
BRDA:129,29,0,0
BRDA:129,29,1,1
BRDA:133,30,0,0
BRDA:133,30,1,1
BRDA:137,31,0,0
BRDA:137,31,1,1
BRDA:141,32,0,0
BRDA:141,32,1,1
BRDA:146,33,0,0
BRDA:146,33,1,1
BRDA:147,34,0,1
BRDA:147,34,1,1
BRDA:168,35,0,1
BRDA:168,35,1,1
BRF:62
BRH:40
end_of_record
TN:
SF:services\chatPipelineService.js
FN:11,buildBlockedResponse
FN:22,runChatPipeline
FN:34,(anonymous_2)
FNF:3
FNH:0
FNDA:0,buildBlockedResponse
FNDA:0,runChatPipeline
FNDA:0,(anonymous_2)
DA:1,1
DA:2,1
DA:3,1
DA:4,1
DA:5,1
DA:9,1
DA:12,0
DA:23,0
DA:24,0
DA:26,0
DA:30,0
DA:31,0
DA:34,0
DA:35,0
DA:38,0
DA:41,0
DA:42,0
DA:48,0
DA:58,1
LF:19
LH:7
BRDA:22,0,0,0
BRDA:30,1,0,0
BRDA:30,1,1,0
BRF:3
BRH:0
end_of_record
TN:
SF:services\chatPromptService.js
FN:11,buildKnowledgeMessage
FN:32,buildStructuredPrompt
FNF:2
FNH:0
FNDA:0,buildKnowledgeMessage
FNDA:0,buildStructuredPrompt
DA:1,1
DA:12,0
DA:14,0
DA:33,0
DA:41,0
DA:42,0
DA:43,0
DA:49,0
DA:54,0
DA:57,1
LF:10
LH:2
BRDA:11,0,0,0
BRDA:12,1,0,0
BRDA:12,1,1,0
BRDA:16,2,0,0
BRDA:16,2,1,0
BRDA:32,3,0,0
BRDA:42,4,0,0
BRDA:42,4,1,0
BRDA:42,5,0,0
BRDA:42,5,1,0
BRDA:42,5,2,0
BRDA:51,6,0,0
BRDA:51,6,1,0
BRF:13
BRH:0
end_of_record
TN:
SF:services\embeddingService.js
FN:3,getOllamaBaseUrl
FN:13,generateEmbedding
FNF:2
FNH:0
FNDA:0,getOllamaBaseUrl
FNDA:0,generateEmbedding
DA:1,1
DA:4,0
DA:5,0
DA:6,0
DA:7,0
DA:8,0
DA:10,0
DA:14,0
DA:19,0
DA:20,0
DA:23,0
DA:25,0
DA:34,0
DA:35,0
DA:39,0
DA:50,0
DA:54,0
DA:55,0
DA:58,0
DA:61,1
LF:20
LH:2
BRDA:5,0,0,0
BRDA:5,0,1,0
BRDA:20,1,0,0
BRDA:20,1,1,0
BRDA:34,2,0,0
BRDA:34,2,1,0
BRDA:50,3,0,0
BRDA:50,3,1,0
BRDA:50,3,2,0
BRDA:54,4,0,0
BRDA:54,4,1,0
BRDA:54,5,0,0
BRDA:54,5,1,0
BRF:13
BRH:0
end_of_record
TN:
SF:services\encryptionService.js
FN:11,isEncryptedValue
FN:23,toPlaintext
FN:28,fromPlaintext
FN:36,encryptValue
FN:61,decryptValue
FN:84,encryptClassifiedFields
FN:86,(anonymous_6)
FN:93,decryptClassifiedFields
FN:95,(anonymous_8)
FNF:9
FNH:9
FNDA:4,isEncryptedValue
FNDA:2,toPlaintext
FNDA:2,fromPlaintext
FNDA:2,encryptValue
FNDA:2,decryptValue
FNDA:2,encryptClassifiedFields
FNDA:3,(anonymous_6)
FNDA:2,decryptClassifiedFields
FNDA:3,(anonymous_8)
DA:1,2
DA:2,2
DA:3,2
DA:5,2
DA:6,2
DA:7,2
DA:9,2
DA:12,4
DA:24,2
DA:25,0
DA:29,2
DA:30,2
DA:32,2
DA:37,2
DA:38,2
DA:40,2
DA:41,2
DA:45,2
DA:46,2
DA:50,2
DA:52,2
DA:62,2
DA:64,2
DA:65,0
DA:68,2
DA:74,2
DA:76,2
DA:81,2
DA:85,2
DA:86,2
DA:87,3
DA:88,2
DA:90,2
DA:94,2
DA:95,2
DA:96,3
DA:97,2
DA:99,2
DA:102,2
LF:39
LH:37
BRDA:13,0,0,4
BRDA:13,0,1,4
BRDA:13,0,2,2
BRDA:13,0,3,2
BRDA:13,0,4,2
BRDA:13,0,5,2
BRDA:13,0,6,2
BRDA:24,1,0,2
BRDA:24,1,1,0
BRDA:37,2,0,0
BRDA:37,2,1,2
BRDA:37,3,0,2
BRDA:37,3,1,2
BRDA:38,4,0,0
BRDA:38,4,1,2
BRDA:62,5,0,0
BRDA:62,5,1,2
BRDA:64,6,0,0
BRDA:64,6,1,2
BRDA:84,7,0,0
BRDA:87,8,0,1
BRDA:87,8,1,2
BRDA:93,9,0,0
BRDA:96,10,0,1
BRDA:96,10,1,2
BRF:25
BRH:18
end_of_record
TN:
SF:services\knowledgeRetrievalService.js
FN:4,retrieveKnowledgeContext
FN:10,(anonymous_1)
FN:13,(anonymous_2)
FNF:3
FNH:0
FNDA:0,retrieveKnowledgeContext
FNDA:0,(anonymous_1)
FNDA:0,(anonymous_2)
DA:1,1
DA:2,1
DA:5,0
DA:6,0
DA:8,0
DA:9,0
DA:10,0
DA:12,0
DA:14,0
DA:18,0
DA:24,1
LF:11
LH:3
BRDA:4,0,0,0
BRDA:5,1,0,0
BRDA:5,1,1,0
BRDA:6,2,0,0
BRDA:6,2,1,0
BRF:5
BRH:0
end_of_record
TN:
SF:services\messageSanitizerService.js
FN:13,maskPII
FN:25,normalizeText
FN:32,sanitizeUserMessage
FN:36,sanitizeConversationHistory
FNF:4
FNH:0
FNDA:0,maskPII
FNDA:0,normalizeText
FNDA:0,sanitizeUserMessage
FNDA:0,sanitizeConversationHistory
DA:1,1
DA:2,1
DA:3,1
DA:5,1
DA:7,1
DA:8,1
DA:10,1
DA:11,1
DA:14,0
DA:16,0
DA:26,0
DA:33,0
DA:37,0
DA:39,0
DA:40,0
DA:41,0
DA:43,0
DA:44,0
DA:46,0
DA:48,0
DA:52,0
DA:55,0
DA:57,0
DA:59,0
DA:65,0
DA:68,1
LF:26
LH:9
BRDA:13,0,0,0
BRDA:14,1,0,0
BRDA:14,1,1,0
BRDA:25,2,0,0
BRDA:26,3,0,0
BRDA:26,3,1,0
BRDA:32,4,0,0
BRDA:36,5,0,0
BRDA:36,6,0,0
BRDA:37,7,0,0
BRDA:37,7,1,0
BRDA:44,8,0,0
BRDA:44,8,1,0
BRDA:44,9,0,0
BRDA:44,9,1,0
BRDA:46,10,0,0
BRDA:46,10,1,0
BRDA:48,11,0,0
BRDA:48,11,1,0
BRDA:52,12,0,0
BRDA:52,12,1,0
BRDA:55,13,0,0
BRDA:55,13,1,0
BRDA:57,14,0,0
BRDA:57,14,1,0
BRDA:57,15,0,0
BRDA:57,15,1,0
BRF:27
BRH:0
end_of_record
TN:
SF:services\promptGuardrailService.js
FN:51,evaluatePromptGuardrails
FN:62,(anonymous_1)
FN:73,(anonymous_2)
FN:74,(anonymous_3)
FN:81,(anonymous_4)
FN:90,(anonymous_5)
FNF:6
FNH:0
FNDA:0,evaluatePromptGuardrails
FNDA:0,(anonymous_1)
FNDA:0,(anonymous_2)
FNDA:0,(anonymous_3)
FNDA:0,(anonymous_4)
FNDA:0,(anonymous_5)
DA:1,1
DA:14,1
DA:52,0
DA:53,0
DA:62,0
DA:63,0
DA:64,0
DA:73,0
DA:74,0
DA:76,0
DA:77,0
DA:81,0
DA:86,0
DA:90,0
DA:95,1
LF:15
LH:3
BRDA:51,0,0,0
BRDA:51,1,0,0
BRDA:52,2,0,0
BRDA:52,2,1,0
BRDA:58,3,0,0
BRDA:58,3,1,0
BRDA:63,4,0,0
BRDA:63,4,1,0
BRDA:69,5,0,0
BRDA:69,5,1,0
BRDA:76,6,0,0
BRDA:76,6,1,0
BRDA:79,7,0,0
BRDA:79,7,1,0
BRDA:82,8,0,0
BRDA:82,8,1,0
BRDA:91,9,0,0
BRDA:91,9,1,0
BRF:18
BRH:0
end_of_record
TN:
SF:services\responseModerationService.js
FN:16,moderateModelResponse
FN:25,(anonymous_1)
FNF:2
FNH:0
FNDA:0,moderateModelResponse
FNDA:0,(anonymous_1)
DA:1,1
DA:3,1
DA:17,0
DA:18,0
DA:25,0
DA:26,0
DA:27,0
DA:34,0
DA:41,1
LF:9
LH:3
BRDA:16,0,0,0
BRDA:17,1,0,0
BRDA:17,1,1,0
BRDA:26,2,0,0
BRDA:26,2,1,0
BRF:5
BRH:0
end_of_record
TN:
SF:services\safeResponseService.js
FN:13,appendMedicalDisclaimer
FN:25,getCrisisResponse
FN:29,getBlockedDiagnosisResponse
FN:33,getModeratedFallbackResponse
FNF:4
FNH:0
FNDA:0,appendMedicalDisclaimer
FNDA:0,getCrisisResponse
FNDA:0,getBlockedDiagnosisResponse
FNDA:0,getModeratedFallbackResponse
DA:2,1
DA:4,1
DA:14,0
DA:15,0
DA:18,0
DA:19,0
DA:22,0
DA:26,0
DA:30,0
DA:34,0
DA:37,1
LF:11
LH:3
BRDA:13,0,0,0
BRDA:14,1,0,0
BRDA:14,1,1,0
BRDA:14,2,0,0
BRDA:14,2,1,0
BRDA:18,3,0,0
BRDA:18,3,1,0
BRF:7
BRH:0
end_of_record
TN:
SF:services\safetyEventLogger.js
FN:1,logSafetyEvent
FNF:1
FNH:0
FNDA:0,logSafetyEvent
DA:2,0
DA:7,0
DA:15,1
LF:3
LH:1
BRDA:1,0,0,0
BRDA:3,1,0,0
BRDA:3,1,1,0
BRDA:4,2,0,0
BRDA:4,2,1,0
BRDA:10,3,0,0
BRDA:10,3,1,0
BRF:7
BRH:0
end_of_record
TN:
SF:utils\createDefaultAdmin.js
FN:9,createDefaultAdmin
FNF:1
FNH:0
FNDA:0,createDefaultAdmin
DA:1,1
DA:2,1
DA:3,1
DA:5,1
DA:6,1
DA:7,1
DA:10,0
DA:11,0
DA:12,0
DA:13,0
DA:15,0
DA:18,0
DA:19,0
DA:30,1
LF:14
LH:7
BRDA:11,0,0,0
BRDA:11,0,1,0
BRDA:12,1,0,0
BRDA:12,1,1,0
BRF:4
BRH:0
end_of_record
