{"E:\\Software(Mind Bridge)\\MentalHealthAssistant\\mentalhealth\\mentalhealth\\server\\server.js": {"path":"E:\\Software(Mind Bridge)\\MentalHealthAssistant\\mentalhealth\\mentalhealth\\server\\server.js","statementMap":{"0":{"start":{"line":1,"column":16},"end":{"line":1,"column":34}},"1":{"start":{"line":2,"column":13},"end":{"line":2,"column":28}},"2":{"start":{"line":3,"column":15},"end":{"line":3,"column":32}},"3":{"start":{"line":4,"column":13},"end":{"line":4,"column":28}},"4":{"start":{"line":5,"column":13},"end":{"line":5,"column":28}},"5":{"start":{"line":6,"column":19},"end":{"line":6,"column":39}},"6":{"start":{"line":7,"column":15},"end":{"line":7,"column":32}},"7":{"start":{"line":8,"column":21},"end":{"line":8,"column":45}},"8":{"start":{"line":10,"column":58},"end":{"line":10,"column":89}},"9":{"start":{"line":11,"column":27},"end":{"line":11,"column":55}},"10":{"start":{"line":12,"column":31},"end":{"line":12,"column":68}},"11":{"start":{"line":13,"column":25},"end":{"line":13,"column":61}},"12":{"start":{"line":14,"column":24},"end":{"line":14,"column":59}},"13":{"start":{"line":15,"column":55},"end":{"line":15,"column":84}},"14":{"start":{"line":16,"column":27},"end":{"line":16,"column":52}},"15":{"start":{"line":18,"column":0},"end":{"line":18,"column":18}},"16":{"start":{"line":20,"column":12},"end":{"line":20,"column":21}},"17":{"start":{"line":21,"column":15},"end":{"line":21,"column":37}},"18":{"start":{"line":22,"column":0},"end":{"line":22,"column":26}},"19":{"start":{"line":24,"column":22},"end":{"line":24,"column":38}},"20":{"start":{"line":26,"column":0},"end":{"line":28,"column":1}},"21":{"start":{"line":27,"column":2},"end":{"line":27,"column":44}},"22":{"start":{"line":29,"column":0},"end":{"line":31,"column":1}},"23":{"start":{"line":30,"column":2},"end":{"line":30,"column":63}},"24":{"start":{"line":33,"column":11},"end":{"line":39,"column":2}},"25":{"start":{"line":41,"column":0},"end":{"line":41,"column":18}},"26":{"start":{"line":42,"column":0},"end":{"line":42,"column":24}},"27":{"start":{"line":43,"column":0},"end":{"line":49,"column":2}},"28":{"start":{"line":50,"column":0},"end":{"line":50,"column":24}},"29":{"start":{"line":51,"column":0},"end":{"line":51,"column":21}},"30":{"start":{"line":52,"column":0},"end":{"line":52,"column":69}},"31":{"start":{"line":54,"column":0},"end":{"line":59,"column":3}},"32":{"start":{"line":55,"column":2},"end":{"line":55,"column":37}},"33":{"start":{"line":55,"column":23},"end":{"line":55,"column":37}},"34":{"start":{"line":56,"column":25},"end":{"line":56,"column":57}},"35":{"start":{"line":57,"column":2},"end":{"line":57,"column":62}},"36":{"start":{"line":57,"column":48},"end":{"line":57,"column":62}},"37":{"start":{"line":58,"column":2},"end":{"line":58,"column":59}},"38":{"start":{"line":61,"column":19},"end":{"line":61,"column":49}},"39":{"start":{"line":62,"column":20},"end":{"line":62,"column":51}},"40":{"start":{"line":63,"column":21},"end":{"line":63,"column":53}},"41":{"start":{"line":64,"column":22},"end":{"line":64,"column":55}},"42":{"start":{"line":65,"column":19},"end":{"line":65,"column":49}},"43":{"start":{"line":66,"column":22},"end":{"line":66,"column":55}},"44":{"start":{"line":68,"column":0},"end":{"line":68,"column":33}},"45":{"start":{"line":69,"column":0},"end":{"line":69,"column":35}},"46":{"start":{"line":70,"column":0},"end":{"line":70,"column":37}},"47":{"start":{"line":71,"column":0},"end":{"line":71,"column":39}},"48":{"start":{"line":72,"column":0},"end":{"line":72,"column":28}},"49":{"start":{"line":73,"column":0},"end":{"line":73,"column":39}},"50":{"start":{"line":75,"column":16},"end":{"line":78,"column":2}},"51":{"start":{"line":76,"column":36},"end":{"line":76,"column":56}},"52":{"start":{"line":77,"column":32},"end":{"line":77,"column":78}},"53":{"start":{"line":79,"column":15},"end":{"line":79,"column":34}},"54":{"start":{"line":82,"column":2},"end":{"line":88,"column":3}},"55":{"start":{"line":83,"column":4},"end":{"line":83,"column":27}},"56":{"start":{"line":84,"column":4},"end":{"line":84,"column":56}},"57":{"start":{"line":86,"column":4},"end":{"line":86,"column":57}},"58":{"start":{"line":87,"column":4},"end":{"line":87,"column":20}},"59":{"start":{"line":91,"column":0},"end":{"line":91,"column":77}},"60":{"start":{"line":91,"column":34},"end":{"line":91,"column":75}},"61":{"start":{"line":93,"column":0},"end":{"line":97,"column":3}},"62":{"start":{"line":94,"column":2},"end":{"line":94,"column":77}},"63":{"start":{"line":94,"column":17},"end":{"line":94,"column":77}},"64":{"start":{"line":95,"column":20},"end":{"line":95,"column":51}},"65":{"start":{"line":96,"column":2},"end":{"line":96,"column":45}},"66":{"start":{"line":99,"column":0},"end":{"line":107,"column":3}},"67":{"start":{"line":100,"column":2},"end":{"line":106,"column":3}},"68":{"start":{"line":101,"column":18},"end":{"line":101,"column":35}},"69":{"start":{"line":102,"column":4},"end":{"line":102,"column":39}},"70":{"start":{"line":104,"column":4},"end":{"line":104,"column":50}},"71":{"start":{"line":105,"column":4},"end":{"line":105,"column":68}},"72":{"start":{"line":109,"column":0},"end":{"line":132,"column":3}},"73":{"start":{"line":110,"column":45},"end":{"line":110,"column":53}},"74":{"start":{"line":111,"column":2},"end":{"line":111,"column":78}},"75":{"start":{"line":111,"column":16},"end":{"line":111,"column":78}},"76":{"start":{"line":113,"column":18},"end":{"line":123,"column":3}},"77":{"start":{"line":125,"column":2},"end":{"line":131,"column":3}},"78":{"start":{"line":126,"column":17},"end":{"line":126,"column":42}},"79":{"start":{"line":127,"column":4},"end":{"line":127,"column":59}},"80":{"start":{"line":129,"column":4},"end":{"line":129,"column":49}},"81":{"start":{"line":130,"column":4},"end":{"line":130,"column":68}},"82":{"start":{"line":134,"column":0},"end":{"line":158,"column":3}},"83":{"start":{"line":135,"column":17},"end":{"line":135,"column":27}},"84":{"start":{"line":136,"column":21},"end":{"line":136,"column":29}},"85":{"start":{"line":138,"column":2},"end":{"line":140,"column":3}},"86":{"start":{"line":139,"column":4},"end":{"line":139,"column":61}},"87":{"start":{"line":142,"column":17},"end":{"line":142,"column":19}},"88":{"start":{"line":143,"column":2},"end":{"line":143,"column":42}},"89":{"start":{"line":143,"column":25},"end":{"line":143,"column":42}},"90":{"start":{"line":144,"column":2},"end":{"line":144,"column":48}},"91":{"start":{"line":144,"column":28},"end":{"line":144,"column":48}},"92":{"start":{"line":145,"column":2},"end":{"line":145,"column":42}},"93":{"start":{"line":145,"column":25},"end":{"line":145,"column":42}},"94":{"start":{"line":147,"column":2},"end":{"line":157,"column":3}},"95":{"start":{"line":148,"column":17},"end":{"line":148,"column":54}},"96":{"start":{"line":149,"column":4},"end":{"line":151,"column":5}},"97":{"start":{"line":150,"column":6},"end":{"line":150,"column":63}},"98":{"start":{"line":153,"column":4},"end":{"line":153,"column":61}},"99":{"start":{"line":155,"column":4},"end":{"line":155,"column":61}},"100":{"start":{"line":156,"column":4},"end":{"line":156,"column":68}},"101":{"start":{"line":160,"column":0},"end":{"line":162,"column":3}},"102":{"start":{"line":164,"column":0},"end":{"line":164,"column":22}},"103":{"start":{"line":167,"column":2},"end":{"line":167,"column":28}},"104":{"start":{"line":168,"column":2},"end":{"line":168,"column":29}},"105":{"start":{"line":169,"column":15},"end":{"line":169,"column":39}},"106":{"start":{"line":170,"column":2},"end":{"line":172,"column":5}},"107":{"start":{"line":171,"column":4},"end":{"line":171,"column":62}},"108":{"start":{"line":175,"column":0},"end":{"line":177,"column":1}},"109":{"start":{"line":176,"column":2},"end":{"line":176,"column":16}},"110":{"start":{"line":179,"column":0},"end":{"line":179,"column":21}}},"fnMap":{"0":{"name":"(anonymous_0)","decl":{"start":{"line":54,"column":8},"end":{"line":54,"column":9}},"loc":{"start":{"line":54,"column":28},"end":{"line":59,"column":1}},"line":54},"1":{"name":"(anonymous_1)","decl":{"start":{"line":76,"column":15},"end":{"line":76,"column":16}},"loc":{"start":{"line":76,"column":36},"end":{"line":76,"column":56}},"line":76},"2":{"name":"(anonymous_2)","decl":{"start":{"line":77,"column":12},"end":{"line":77,"column":13}},"loc":{"start":{"line":77,"column":32},"end":{"line":77,"column":78}},"line":77},"3":{"name":"connectToDatabase","decl":{"start":{"line":81,"column":15},"end":{"line":81,"column":32}},"loc":{"start":{"line":81,"column":35},"end":{"line":89,"column":1}},"line":81},"4":{"name":"(anonymous_4)","decl":{"start":{"line":91,"column":19},"end":{"line":91,"column":20}},"loc":{"start":{"line":91,"column":34},"end":{"line":91,"column":75}},"line":91},"5":{"name":"(anonymous_5)","decl":{"start":{"line":93,"column":48},"end":{"line":93,"column":49}},"loc":{"start":{"line":93,"column":62},"end":{"line":97,"column":1}},"line":93},"6":{"name":"(anonymous_6)","decl":{"start":{"line":99,"column":22},"end":{"line":99,"column":23}},"loc":{"start":{"line":99,"column":43},"end":{"line":107,"column":1}},"line":99},"7":{"name":"(anonymous_7)","decl":{"start":{"line":109,"column":23},"end":{"line":109,"column":24}},"loc":{"start":{"line":109,"column":43},"end":{"line":132,"column":1}},"line":109},"8":{"name":"(anonymous_8)","decl":{"start":{"line":134,"column":28},"end":{"line":134,"column":29}},"loc":{"start":{"line":134,"column":48},"end":{"line":158,"column":1}},"line":134},"9":{"name":"(anonymous_9)","decl":{"start":{"line":160,"column":20},"end":{"line":160,"column":21}},"loc":{"start":{"line":160,"column":33},"end":{"line":162,"column":1}},"line":160},"10":{"name":"startServer","decl":{"start":{"line":166,"column":15},"end":{"line":166,"column":26}},"loc":{"start":{"line":166,"column":29},"end":{"line":173,"column":1}},"line":166},"11":{"name":"(anonymous_11)","decl":{"start":{"line":170,"column":22},"end":{"line":170,"column":23}},"loc":{"start":{"line":170,"column":28},"end":{"line":172,"column":3}},"line":170}},"branchMap":{"0":{"loc":{"start":{"line":26,"column":0},"end":{"line":28,"column":1}},"type":"if","locations":[{"start":{"line":26,"column":0},"end":{"line":28,"column":1}},{"start":{},"end":{}}],"line":26},"1":{"loc":{"start":{"line":29,"column":0},"end":{"line":31,"column":1}},"type":"if","locations":[{"start":{"line":29,"column":0},"end":{"line":31,"column":1}},{"start":{},"end":{}}],"line":29},"2":{"loc":{"start":{"line":35,"column":12},"end":{"line":35,"column":59}},"type":"cond-expr","locations":[{"start":{"line":35,"column":39},"end":{"line":35,"column":52}},{"start":{"line":35,"column":55},"end":{"line":35,"column":59}}],"line":35},"3":{"loc":{"start":{"line":45,"column":12},"end":{"line":45,"column":59}},"type":"cond-expr","locations":[{"start":{"line":45,"column":39},"end":{"line":45,"column":52}},{"start":{"line":45,"column":55},"end":{"line":45,"column":59}}],"line":45},"4":{"loc":{"start":{"line":55,"column":2},"end":{"line":55,"column":37}},"type":"if","locations":[{"start":{"line":55,"column":2},"end":{"line":55,"column":37}},{"start":{},"end":{}}],"line":55},"5":{"loc":{"start":{"line":57,"column":2},"end":{"line":57,"column":62}},"type":"if","locations":[{"start":{"line":57,"column":2},"end":{"line":57,"column":62}},{"start":{},"end":{}}],"line":57},"6":{"loc":{"start":{"line":57,"column":6},"end":{"line":57,"column":46}},"type":"binary-expr","locations":[{"start":{"line":57,"column":6},"end":{"line":57,"column":16}},{"start":{"line":57,"column":20},"end":{"line":57,"column":46}}],"line":57},"7":{"loc":{"start":{"line":94,"column":2},"end":{"line":94,"column":77}},"type":"if","locations":[{"start":{"line":94,"column":2},"end":{"line":94,"column":77}},{"start":{},"end":{}}],"line":94},"8":{"loc":{"start":{"line":111,"column":2},"end":{"line":111,"column":78}},"type":"if","locations":[{"start":{"line":111,"column":2},"end":{"line":111,"column":78}},{"start":{},"end":{}}],"line":111},"9":{"loc":{"start":{"line":116,"column":8},"end":{"line":116,"column":28}},"type":"cond-expr","locations":[{"start":{"line":116,"column":15},"end":{"line":116,"column":23}},{"start":{"line":116,"column":26},"end":{"line":116,"column":28}}],"line":116},"10":{"loc":{"start":{"line":117,"column":8},"end":{"line":117,"column":36}},"type":"cond-expr","locations":[{"start":{"line":117,"column":19},"end":{"line":117,"column":31}},{"start":{"line":117,"column":34},"end":{"line":117,"column":36}}],"line":117},"11":{"loc":{"start":{"line":118,"column":8},"end":{"line":118,"column":30}},"type":"cond-expr","locations":[{"start":{"line":118,"column":16},"end":{"line":118,"column":25}},{"start":{"line":118,"column":28},"end":{"line":118,"column":30}}],"line":118},"12":{"loc":{"start":{"line":138,"column":2},"end":{"line":140,"column":3}},"type":"if","locations":[{"start":{"line":138,"column":2},"end":{"line":140,"column":3}},{"start":{},"end":{}}],"line":138},"13":{"loc":{"start":{"line":143,"column":2},"end":{"line":143,"column":42}},"type":"if","locations":[{"start":{"line":143,"column":2},"end":{"line":143,"column":42}},{"start":{},"end":{}}],"line":143},"14":{"loc":{"start":{"line":144,"column":2},"end":{"line":144,"column":48}},"type":"if","locations":[{"start":{"line":144,"column":2},"end":{"line":144,"column":48}},{"start":{},"end":{}}],"line":144},"15":{"loc":{"start":{"line":145,"column":2},"end":{"line":145,"column":42}},"type":"if","locations":[{"start":{"line":145,"column":2},"end":{"line":145,"column":42}},{"start":{},"end":{}}],"line":145},"16":{"loc":{"start":{"line":149,"column":4},"end":{"line":151,"column":5}},"type":"if","locations":[{"start":{"line":149,"column":4},"end":{"line":151,"column":5}},{"start":{},"end":{}}],"line":149},"17":{"loc":{"start":{"line":169,"column":15},"end":{"line":169,"column":39}},"type":"binary-expr","locations":[{"start":{"line":169,"column":15},"end":{"line":169,"column":31}},{"start":{"line":169,"column":35},"end":{"line":169,"column":39}}],"line":169},"18":{"loc":{"start":{"line":175,"column":0},"end":{"line":177,"column":1}},"type":"if","locations":[{"start":{"line":175,"column":0},"end":{"line":177,"column":1}},{"start":{},"end":{}}],"line":175}},"s":{"0":1,"1":1,"2":1,"3":1,"4":1,"5":1,"6":1,"7":1,"8":1,"9":1,"10":1,"11":1,"12":1,"13":1,"14":1,"15":1,"16":1,"17":1,"18":1,"19":1,"20":1,"21":0,"22":1,"23":0,"24":1,"25":1,"26":1,"27":1,"28":1,"29":1,"30":1,"31":1,"32":11,"33":11,"34":0,"35":0,"36":0,"37":0,"38":1,"39":1,"40":1,"41":1,"42":1,"43":1,"44":1,"45":1,"46":1,"47":1,"48":1,"49":1,"50":1,"51":0,"52":0,"53":1,"54":0,"55":0,"56":0,"57":0,"58":0,"59":1,"60":1,"61":1,"62":0,"63":0,"64":0,"65":0,"66":1,"67":0,"68":0,"69":0,"70":0,"71":0,"72":1,"73":0,"74":0,"75":0,"76":0,"77":0,"78":0,"79":0,"80":0,"81":0,"82":1,"83":0,"84":0,"85":0,"86":0,"87":0,"88":0,"89":0,"90":0,"91":0,"92":0,"93":0,"94":0,"95":0,"96":0,"97":0,"98":0,"99":0,"100":0,"101":1,"102":1,"103":0,"104":0,"105":0,"106":0,"107":0,"108":1,"109":0,"110":1},"f":{"0":11,"1":0,"2":0,"3":0,"4":1,"5":0,"6":0,"7":0,"8":0,"9":0,"10":0,"11":0},"b":{"0":[0,1],"1":[0,1],"2":[0,1],"3":[0,1],"4":[11,0],"5":[0,0],"6":[0,0],"7":[0,0],"8":[0,0],"9":[0,0],"10":[0,0],"11":[0,0],"12":[0,0],"13":[0,0],"14":[0,0],"15":[0,0],"16":[0,0],"17":[0,0],"18":[0,1]},"_coverageSchema":"1a1c01bbd47fc00a2c39e90264f33305004495a9","hash":"3f044a4758646799ae3d2e01768305fe04012fbd"}
,"E:\\Software(Mind Bridge)\\MentalHealthAssistant\\mentalhealth\\mentalhealth\\server\\config\\database.js": {"path":"E:\\Software(Mind Bridge)\\MentalHealthAssistant\\mentalhealth\\mentalhealth\\server\\config\\database.js","statementMap":{"0":{"start":{"line":1,"column":11},"end":{"line":1,"column":24}},"1":{"start":{"line":2,"column":13},"end":{"line":2,"column":28}},"2":{"start":{"line":3,"column":17},"end":{"line":3,"column":30}},"3":{"start":{"line":4,"column":28},"end":{"line":4,"column":52}},"4":{"start":{"line":6,"column":0},"end":{"line":6,"column":18}},"5":{"start":{"line":9,"column":2},"end":{"line":11,"column":3}},"6":{"start":{"line":10,"column":4},"end":{"line":10,"column":36}},"7":{"start":{"line":14,"column":4},"end":{"line":14,"column":71}},"8":{"start":{"line":15,"column":19},"end":{"line":15,"column":74}},"9":{"start":{"line":17,"column":4},"end":{"line":17,"column":69}},"10":{"start":{"line":18,"column":15},"end":{"line":18,"column":77}},"11":{"start":{"line":19,"column":15},"end":{"line":19,"column":72}},"12":{"start":{"line":21,"column":2},"end":{"line":25,"column":3}},"13":{"start":{"line":22,"column":4},"end":{"line":24,"column":6}},"14":{"start":{"line":27,"column":22},"end":{"line":29,"column":30}},"15":{"start":{"line":31,"column":2},"end":{"line":33,"column":6}},"16":{"start":{"line":36,"column":25},"end":{"line":36,"column":50}},"17":{"start":{"line":38,"column":2},"end":{"line":45,"column":11}},"18":{"start":{"line":47,"column":13},"end":{"line":52,"column":2}},"19":{"start":{"line":55,"column":2},"end":{"line":55,"column":65}},"20":{"start":{"line":55,"column":49},"end":{"line":55,"column":65}},"21":{"start":{"line":56,"column":2},"end":{"line":58,"column":3}},"22":{"start":{"line":57,"column":4},"end":{"line":57,"column":47}},"23":{"start":{"line":60,"column":17},"end":{"line":60,"column":19}},"24":{"start":{"line":61,"column":2},"end":{"line":67,"column":3}},"25":{"start":{"line":62,"column":4},"end":{"line":65,"column":5}},"26":{"start":{"line":63,"column":6},"end":{"line":63,"column":48}},"27":{"start":{"line":64,"column":6},"end":{"line":64,"column":15}},"28":{"start":{"line":66,"column":4},"end":{"line":66,"column":47}},"29":{"start":{"line":68,"column":2},"end":{"line":68,"column":16}},"30":{"start":{"line":72,"column":2},"end":{"line":72,"column":34}},"31":{"start":{"line":76,"column":17},"end":{"line":76,"column":37}},"32":{"start":{"line":77,"column":2},"end":{"line":87,"column":3}},"33":{"start":{"line":78,"column":4},"end":{"line":78,"column":32}},"34":{"start":{"line":79,"column":19},"end":{"line":79,"column":41}},"35":{"start":{"line":80,"column":4},"end":{"line":80,"column":33}},"36":{"start":{"line":81,"column":4},"end":{"line":81,"column":18}},"37":{"start":{"line":83,"column":4},"end":{"line":83,"column":35}},"38":{"start":{"line":84,"column":4},"end":{"line":84,"column":16}},"39":{"start":{"line":86,"column":4},"end":{"line":86,"column":21}},"40":{"start":{"line":91,"column":2},"end":{"line":91,"column":26}},"41":{"start":{"line":95,"column":2},"end":{"line":95,"column":19}},"42":{"start":{"line":98,"column":0},"end":{"line":105,"column":2}}},"fnMap":{"0":{"name":"resolveConnectionString","decl":{"start":{"line":8,"column":9},"end":{"line":8,"column":32}},"loc":{"start":{"line":8,"column":35},"end":{"line":34,"column":1}},"line":8},"1":{"name":"mapMongoStyleDocument","decl":{"start":{"line":54,"column":9},"end":{"line":54,"column":30}},"loc":{"start":{"line":54,"column":41},"end":{"line":69,"column":1}},"line":54},"2":{"name":"query","decl":{"start":{"line":71,"column":15},"end":{"line":71,"column":20}},"loc":{"start":{"line":71,"column":40},"end":{"line":73,"column":1}},"line":71},"3":{"name":"withTransaction","decl":{"start":{"line":75,"column":15},"end":{"line":75,"column":30}},"loc":{"start":{"line":75,"column":41},"end":{"line":88,"column":1}},"line":75},"4":{"name":"testConnection","decl":{"start":{"line":90,"column":15},"end":{"line":90,"column":29}},"loc":{"start":{"line":90,"column":32},"end":{"line":92,"column":1}},"line":90},"5":{"name":"closePool","decl":{"start":{"line":94,"column":15},"end":{"line":94,"column":24}},"loc":{"start":{"line":94,"column":27},"end":{"line":96,"column":1}},"line":94}},"branchMap":{"0":{"loc":{"start":{"line":9,"column":2},"end":{"line":11,"column":3}},"type":"if","locations":[{"start":{"line":9,"column":2},"end":{"line":11,"column":3}},{"start":{},"end":{}}],"line":9},"1":{"loc":{"start":{"line":14,"column":4},"end":{"line":14,"column":71}},"type":"binary-expr","locations":[{"start":{"line":14,"column":4},"end":{"line":14,"column":29}},{"start":{"line":14,"column":33},"end":{"line":14,"column":51}},{"start":{"line":14,"column":55},"end":{"line":14,"column":71}}],"line":14},"2":{"loc":{"start":{"line":15,"column":19},"end":{"line":15,"column":74}},"type":"binary-expr","locations":[{"start":{"line":15,"column":19},"end":{"line":15,"column":48}},{"start":{"line":15,"column":52},"end":{"line":15,"column":74}}],"line":15},"3":{"loc":{"start":{"line":17,"column":4},"end":{"line":17,"column":69}},"type":"binary-expr","locations":[{"start":{"line":17,"column":4},"end":{"line":17,"column":27}},{"start":{"line":17,"column":31},"end":{"line":17,"column":53}},{"start":{"line":17,"column":57},"end":{"line":17,"column":69}}],"line":17},"4":{"loc":{"start":{"line":18,"column":15},"end":{"line":18,"column":77}},"type":"binary-expr","locations":[{"start":{"line":18,"column":15},"end":{"line":18,"column":40}},{"start":{"line":18,"column":44},"end":{"line":18,"column":62}},{"start":{"line":18,"column":66},"end":{"line":18,"column":77}}],"line":18},"5":{"loc":{"start":{"line":19,"column":15},"end":{"line":19,"column":72}},"type":"binary-expr","locations":[{"start":{"line":19,"column":15},"end":{"line":19,"column":40}},{"start":{"line":19,"column":44},"end":{"line":19,"column":62}},{"start":{"line":19,"column":66},"end":{"line":19,"column":72}}],"line":19},"6":{"loc":{"start":{"line":21,"column":2},"end":{"line":25,"column":3}},"type":"if","locations":[{"start":{"line":21,"column":2},"end":{"line":25,"column":3}},{"start":{},"end":{}}],"line":21},"7":{"loc":{"start":{"line":27,"column":22},"end":{"line":29,"column":30}},"type":"cond-expr","locations":[{"start":{"line":28,"column":6},"end":{"line":28,"column":67}},{"start":{"line":29,"column":6},"end":{"line":29,"column":30}}],"line":27},"8":{"loc":{"start":{"line":38,"column":2},"end":{"line":45,"column":11}},"type":"cond-expr","locations":[{"start":{"line":39,"column":6},"end":{"line":44,"column":7}},{"start":{"line":45,"column":6},"end":{"line":45,"column":11}}],"line":38},"9":{"loc":{"start":{"line":41,"column":12},"end":{"line":43,"column":21}},"type":"cond-expr","locations":[{"start":{"line":42,"column":12},"end":{"line":42,"column":79}},{"start":{"line":43,"column":12},"end":{"line":43,"column":21}}],"line":41},"10":{"loc":{"start":{"line":50,"column":14},"end":{"line":50,"column":49}},"type":"binary-expr","locations":[{"start":{"line":50,"column":14},"end":{"line":50,"column":43}},{"start":{"line":50,"column":47},"end":{"line":50,"column":49}}],"line":50},"11":{"loc":{"start":{"line":51,"column":28},"end":{"line":51,"column":73}},"type":"binary-expr","locations":[{"start":{"line":51,"column":28},"end":{"line":51,"column":64}},{"start":{"line":51,"column":68},"end":{"line":51,"column":73}}],"line":51},"12":{"loc":{"start":{"line":55,"column":2},"end":{"line":55,"column":65}},"type":"if","locations":[{"start":{"line":55,"column":2},"end":{"line":55,"column":65}},{"start":{},"end":{}}],"line":55},"13":{"loc":{"start":{"line":55,"column":6},"end":{"line":55,"column":47}},"type":"binary-expr","locations":[{"start":{"line":55,"column":6},"end":{"line":55,"column":15}},{"start":{"line":55,"column":19},"end":{"line":55,"column":47}}],"line":55},"14":{"loc":{"start":{"line":56,"column":2},"end":{"line":58,"column":3}},"type":"if","locations":[{"start":{"line":56,"column":2},"end":{"line":58,"column":3}},{"start":{},"end":{}}],"line":56},"15":{"loc":{"start":{"line":62,"column":4},"end":{"line":65,"column":5}},"type":"if","locations":[{"start":{"line":62,"column":4},"end":{"line":65,"column":5}},{"start":{},"end":{}}],"line":62},"16":{"loc":{"start":{"line":71,"column":27},"end":{"line":71,"column":38}},"type":"default-arg","locations":[{"start":{"line":71,"column":36},"end":{"line":71,"column":38}}],"line":71}},"s":{"0":13,"1":13,"2":13,"3":13,"4":13,"5":13,"6":0,"7":13,"8":13,"9":13,"10":13,"11":13,"12":13,"13":0,"14":13,"15":13,"16":13,"17":13,"18":13,"19":0,"20":0,"21":0,"22":0,"23":0,"24":0,"25":0,"26":0,"27":0,"28":0,"29":0,"30":0,"31":0,"32":0,"33":0,"34":0,"35":0,"36":0,"37":0,"38":0,"39":0,"40":0,"41":0,"42":13},"f":{"0":13,"1":0,"2":0,"3":0,"4":0,"5":0},"b":{"0":[0,13],"1":[13,0,0],"2":[13,0],"3":[13,0,0],"4":[13,0,0],"5":[13,0,0],"6":[0,13],"7":[13,0],"8":[0,13],"9":[0,0],"10":[13,13],"11":[13,13],"12":[0,0],"13":[0,0],"14":[0,0],"15":[0,0],"16":[0]},"_coverageSchema":"1a1c01bbd47fc00a2c39e90264f33305004495a9","hash":"1c5af52b2c472b9c6e36e496868a40c69fa43c97"}
,"E:\\Software(Mind Bridge)\\MentalHealthAssistant\\mentalhealth\\mentalhealth\\server\\config\\environment.js": {"path":"E:\\Software(Mind Bridge)\\MentalHealthAssistant\\mentalhealth\\mentalhealth\\server\\config\\environment.js","statementMap":{"0":{"start":{"line":1,"column":13},"end":{"line":1,"column":28}},"1":{"start":{"line":3,"column":13},"end":{"line":3,"column":18}},"2":{"start":{"line":6,"column":2},"end":{"line":6,"column":21}},"3":{"start":{"line":6,"column":14},"end":{"line":6,"column":21}},"4":{"start":{"line":7,"column":2},"end":{"line":7,"column":73}},"5":{"start":{"line":8,"column":2},"end":{"line":8,"column":16}},"6":{"start":{"line":12,"column":2},"end":{"line":12,"column":47}},"7":{"start":{"line":16,"column":2},"end":{"line":19,"column":21}},"8":{"start":{"line":18,"column":21},"end":{"line":18,"column":34}},"9":{"start":{"line":22,"column":0},"end":{"line":26,"column":2}}},"fnMap":{"0":{"name":"loadEnvironment","decl":{"start":{"line":5,"column":9},"end":{"line":5,"column":24}},"loc":{"start":{"line":5,"column":27},"end":{"line":9,"column":1}},"line":5},"1":{"name":"isProduction","decl":{"start":{"line":11,"column":9},"end":{"line":11,"column":21}},"loc":{"start":{"line":11,"column":24},"end":{"line":13,"column":1}},"line":11},"2":{"name":"getCorsOrigins","decl":{"start":{"line":15,"column":9},"end":{"line":15,"column":23}},"loc":{"start":{"line":15,"column":26},"end":{"line":20,"column":1}},"line":15},"3":{"name":"(anonymous_3)","decl":{"start":{"line":18,"column":9},"end":{"line":18,"column":10}},"loc":{"start":{"line":18,"column":21},"end":{"line":18,"column":34}},"line":18}},"branchMap":{"0":{"loc":{"start":{"line":6,"column":2},"end":{"line":6,"column":21}},"type":"if","locations":[{"start":{"line":6,"column":2},"end":{"line":6,"column":21}},{"start":{},"end":{}}],"line":6},"1":{"loc":{"start":{"line":16,"column":10},"end":{"line":16,"column":41}},"type":"binary-expr","locations":[{"start":{"line":16,"column":10},"end":{"line":16,"column":35}},{"start":{"line":16,"column":39},"end":{"line":16,"column":41}}],"line":16}},"s":{"0":13,"1":13,"2":14,"3":1,"4":13,"5":13,"6":11,"7":1,"8":1,"9":13},"f":{"0":14,"1":11,"2":1,"3":1},"b":{"0":[1,13],"1":[1,1]},"_coverageSchema":"1a1c01bbd47fc00a2c39e90264f33305004495a9","hash":"6b2416910bb2a3c0d2ec353e4479536aacdd6c69"}
,"E:\\Software(Mind Bridge)\\MentalHealthAssistant\\mentalhealth\\mentalhealth\\server\\controllers\\chatController.js": {"path":"E:\\Software(Mind Bridge)\\MentalHealthAssistant\\mentalhealth\\mentalhealth\\server\\controllers\\chatController.js","statementMap":{"0":{"start":{"line":1,"column":27},"end":{"line":1,"column":67}},"1":{"start":{"line":2,"column":36},"end":{"line":2,"column":76}},"2":{"start":{"line":3,"column":29},"end":{"line":3,"column":62}},"3":{"start":{"line":4,"column":28},"end":{"line":4,"column":70}},"4":{"start":{"line":7,"column":18},"end":{"line":7,"column":41}},"5":{"start":{"line":8,"column":22},"end":{"line":8,"column":80}},"6":{"start":{"line":10,"column":2},"end":{"line":62,"column":3}},"7":{"start":{"line":11,"column":27},"end":{"line":14,"column":6}},"8":{"start":{"line":15,"column":22},"end":{"line":21,"column":33}},"9":{"start":{"line":23,"column":4},"end":{"line":29,"column":5}},"10":{"start":{"line":24,"column":6},"end":{"line":28,"column":9}},"11":{"start":{"line":31,"column":4},"end":{"line":37,"column":5}},"12":{"start":{"line":32,"column":6},"end":{"line":36,"column":9}},"13":{"start":{"line":39,"column":4},"end":{"line":49,"column":7}},"14":{"start":{"line":44,"column":63},"end":{"line":44,"column":80}},"15":{"start":{"line":51,"column":4},"end":{"line":59,"column":7}},"16":{"start":{"line":53,"column":62},"end":{"line":57,"column":7}},"17":{"start":{"line":61,"column":4},"end":{"line":61,"column":23}},"18":{"start":{"line":66,"column":23},"end":{"line":66,"column":31}},"19":{"start":{"line":67,"column":2},"end":{"line":69,"column":3}},"20":{"start":{"line":68,"column":4},"end":{"line":68,"column":88}},"21":{"start":{"line":71,"column":2},"end":{"line":93,"column":3}},"22":{"start":{"line":72,"column":34},"end":{"line":72,"column":71}},"23":{"start":{"line":73,"column":25},"end":{"line":78,"column":5}},"24":{"start":{"line":80,"column":4},"end":{"line":80,"column":41}},"25":{"start":{"line":81,"column":4},"end":{"line":89,"column":7}},"26":{"start":{"line":90,"column":4},"end":{"line":90,"column":84}},"27":{"start":{"line":92,"column":4},"end":{"line":92,"column":23}},"28":{"start":{"line":96,"column":0},"end":{"line":99,"column":2}}},"fnMap":{"0":{"name":"chatController","decl":{"start":{"line":6,"column":15},"end":{"line":6,"column":29}},"loc":{"start":{"line":6,"column":46},"end":{"line":63,"column":1}},"line":6},"1":{"name":"(anonymous_1)","decl":{"start":{"line":44,"column":53},"end":{"line":44,"column":54}},"loc":{"start":{"line":44,"column":63},"end":{"line":44,"column":80}},"line":44},"2":{"name":"(anonymous_2)","decl":{"start":{"line":53,"column":51},"end":{"line":53,"column":52}},"loc":{"start":{"line":53,"column":62},"end":{"line":57,"column":7}},"line":53},"3":{"name":"saveConversationController","decl":{"start":{"line":65,"column":15},"end":{"line":65,"column":41}},"loc":{"start":{"line":65,"column":58},"end":{"line":94,"column":1}},"line":65}},"branchMap":{"0":{"loc":{"start":{"line":7,"column":18},"end":{"line":7,"column":41}},"type":"binary-expr","locations":[{"start":{"line":7,"column":18},"end":{"line":7,"column":35}},{"start":{"line":7,"column":39},"end":{"line":7,"column":41}}],"line":7},"1":{"loc":{"start":{"line":8,"column":22},"end":{"line":8,"column":80}},"type":"cond-expr","locations":[{"start":{"line":8,"column":58},"end":{"line":8,"column":75}},{"start":{"line":8,"column":78},"end":{"line":8,"column":80}}],"line":8},"2":{"loc":{"start":{"line":15,"column":22},"end":{"line":21,"column":33}},"type":"cond-expr","locations":[{"start":{"line":16,"column":8},"end":{"line":20,"column":9}},{"start":{"line":21,"column":8},"end":{"line":21,"column":33}}],"line":15},"3":{"loc":{"start":{"line":23,"column":4},"end":{"line":29,"column":5}},"type":"if","locations":[{"start":{"line":23,"column":4},"end":{"line":29,"column":5}},{"start":{},"end":{}}],"line":23},"4":{"loc":{"start":{"line":31,"column":4},"end":{"line":37,"column":5}},"type":"if","locations":[{"start":{"line":31,"column":4},"end":{"line":37,"column":5}},{"start":{},"end":{}}],"line":31},"5":{"loc":{"start":{"line":45,"column":23},"end":{"line":45,"column":77}},"type":"binary-expr","locations":[{"start":{"line":45,"column":23},"end":{"line":45,"column":69}},{"start":{"line":45,"column":73},"end":{"line":45,"column":77}}],"line":45},"6":{"loc":{"start":{"line":58,"column":10},"end":{"line":58,"column":72}},"type":"cond-expr","locations":[{"start":{"line":58,"column":34},"end":{"line":58,"column":67}},{"start":{"line":58,"column":70},"end":{"line":58,"column":72}}],"line":58},"7":{"loc":{"start":{"line":67,"column":2},"end":{"line":69,"column":3}},"type":"if","locations":[{"start":{"line":67,"column":2},"end":{"line":69,"column":3}},{"start":{},"end":{}}],"line":67},"8":{"loc":{"start":{"line":67,"column":6},"end":{"line":67,"column":67}},"type":"binary-expr","locations":[{"start":{"line":67,"column":6},"end":{"line":67,"column":15}},{"start":{"line":67,"column":19},"end":{"line":67,"column":43}},{"start":{"line":67,"column":47},"end":{"line":67,"column":67}}],"line":67}},"s":{"0":1,"1":1,"2":1,"3":1,"4":1,"5":1,"6":1,"7":1,"8":1,"9":1,"10":0,"11":1,"12":0,"13":1,"14":0,"15":1,"16":0,"17":0,"18":0,"19":0,"20":0,"21":0,"22":0,"23":0,"24":0,"25":0,"26":0,"27":0,"28":1},"f":{"0":1,"1":0,"2":0,"3":0},"b":{"0":[1,0],"1":[0,1],"2":[0,1],"3":[0,1],"4":[0,1],"5":[1,1],"6":[0,1],"7":[0,0],"8":[0,0,0]},"_coverageSchema":"1a1c01bbd47fc00a2c39e90264f33305004495a9","hash":"3c789a10ab09f535fafe2083f505c5f1b425de19"}
,"E:\\Software(Mind Bridge)\\MentalHealthAssistant\\mentalhealth\\mentalhealth\\server\\lib\\jwt.js": {"path":"E:\\Software(Mind Bridge)\\MentalHealthAssistant\\mentalhealth\\mentalhealth\\server\\lib\\jwt.js","statementMap":{"0":{"start":{"line":2,"column":12},"end":{"line":2,"column":35}},"1":{"start":{"line":3,"column":0},"end":{"line":3,"column":27}},"2":{"start":{"line":5,"column":15},"end":{"line":5,"column":37}},"3":{"start":{"line":6,"column":26},"end":{"line":6,"column":28}},"4":{"start":{"line":8,"column":0},"end":{"line":10,"column":1}},"5":{"start":{"line":9,"column":2},"end":{"line":9,"column":44}},"6":{"start":{"line":12,"column":0},"end":{"line":14,"column":1}},"7":{"start":{"line":13,"column":2},"end":{"line":13,"column":81}},"8":{"start":{"line":18,"column":2},"end":{"line":22,"column":4}},"9":{"start":{"line":26,"column":2},"end":{"line":26,"column":35}},"10":{"start":{"line":29,"column":0},"end":{"line":29,"column":48}}},"fnMap":{"0":{"name":"generateToken","decl":{"start":{"line":16,"column":9},"end":{"line":16,"column":22}},"loc":{"start":{"line":16,"column":29},"end":{"line":23,"column":1}},"line":16},"1":{"name":"verifyToken","decl":{"start":{"line":25,"column":9},"end":{"line":25,"column":20}},"loc":{"start":{"line":25,"column":28},"end":{"line":27,"column":1}},"line":25}},"branchMap":{"0":{"loc":{"start":{"line":8,"column":0},"end":{"line":10,"column":1}},"type":"if","locations":[{"start":{"line":8,"column":0},"end":{"line":10,"column":1}},{"start":{},"end":{}}],"line":8},"1":{"loc":{"start":{"line":12,"column":0},"end":{"line":14,"column":1}},"type":"if","locations":[{"start":{"line":12,"column":0},"end":{"line":14,"column":1}},{"start":{},"end":{}}],"line":12}},"s":{"0":1,"1":1,"2":1,"3":1,"4":1,"5":0,"6":1,"7":0,"8":2,"9":0,"10":1},"f":{"0":2,"1":0},"b":{"0":[0,1],"1":[0,1]},"_coverageSchema":"1a1c01bbd47fc00a2c39e90264f33305004495a9","hash":"6c6f4c030ac9a050cb5174f45f6a99a9726a6a0b"}
,"E:\\Software(Mind Bridge)\\MentalHealthAssistant\\mentalhealth\\mentalhealth\\server\\lib\\objectId.js": {"path":"E:\\Software(Mind Bridge)\\MentalHealthAssistant\\mentalhealth\\mentalhealth\\server\\lib\\objectId.js","statementMap":{"0":{"start":{"line":1,"column":15},"end":{"line":1,"column":32}},"1":{"start":{"line":4,"column":2},"end":{"line":4,"column":48}},"2":{"start":{"line":7,"column":0},"end":{"line":9,"column":2}}},"fnMap":{"0":{"name":"createObjectId","decl":{"start":{"line":3,"column":9},"end":{"line":3,"column":23}},"loc":{"start":{"line":3,"column":26},"end":{"line":5,"column":1}},"line":3}},"branchMap":{},"s":{"0":1,"1":1,"2":1},"f":{"0":1},"b":{},"_coverageSchema":"1a1c01bbd47fc00a2c39e90264f33305004495a9","hash":"138a0a6a6328f8d2b8696980aca7e487c3a56597"}
,"E:\\Software(Mind Bridge)\\MentalHealthAssistant\\mentalhealth\\mentalhealth\\server\\middleware\\auditLogger.js": {"path":"E:\\Software(Mind Bridge)\\MentalHealthAssistant\\mentalhealth\\mentalhealth\\server\\middleware\\auditLogger.js","statementMap":{"0":{"start":{"line":1,"column":32},"end":{"line":1,"column":70}},"1":{"start":{"line":4,"column":23},"end":{"line":4,"column":53}},"2":{"start":{"line":5,"column":2},"end":{"line":7,"column":3}},"3":{"start":{"line":6,"column":4},"end":{"line":6,"column":45}},"4":{"start":{"line":9,"column":2},"end":{"line":9,"column":53}},"5":{"start":{"line":13,"column":18},"end":{"line":20,"column":3}},"6":{"start":{"line":22,"column":2},"end":{"line":22,"column":29}},"7":{"start":{"line":23,"column":2},"end":{"line":35,"column":7}},"8":{"start":{"line":24,"column":4},"end":{"line":35,"column":6}},"9":{"start":{"line":37,"column":2},"end":{"line":37,"column":16}},"10":{"start":{"line":40,"column":0},"end":{"line":40,"column":47}}},"fnMap":{"0":{"name":"getIpAddress","decl":{"start":{"line":3,"column":9},"end":{"line":3,"column":21}},"loc":{"start":{"line":3,"column":27},"end":{"line":10,"column":1}},"line":3},"1":{"name":"auditLogger","decl":{"start":{"line":12,"column":9},"end":{"line":12,"column":20}},"loc":{"start":{"line":12,"column":38},"end":{"line":38,"column":1}},"line":12},"2":{"name":"(anonymous_2)","decl":{"start":{"line":23,"column":22},"end":{"line":23,"column":23}},"loc":{"start":{"line":24,"column":4},"end":{"line":35,"column":6}},"line":24}},"branchMap":{"0":{"loc":{"start":{"line":5,"column":2},"end":{"line":7,"column":3}},"type":"if","locations":[{"start":{"line":5,"column":2},"end":{"line":7,"column":3}},{"start":{},"end":{}}],"line":5},"1":{"loc":{"start":{"line":5,"column":6},"end":{"line":5,"column":61}},"type":"binary-expr","locations":[{"start":{"line":5,"column":6},"end":{"line":5,"column":38}},{"start":{"line":5,"column":42},"end":{"line":5,"column":61}}],"line":5},"2":{"loc":{"start":{"line":9,"column":9},"end":{"line":9,"column":52}},"type":"binary-expr","locations":[{"start":{"line":9,"column":9},"end":{"line":9,"column":15}},{"start":{"line":9,"column":19},"end":{"line":9,"column":44}},{"start":{"line":9,"column":48},"end":{"line":9,"column":52}}],"line":9},"3":{"loc":{"start":{"line":14,"column":12},"end":{"line":14,"column":33}},"type":"binary-expr","locations":[{"start":{"line":14,"column":12},"end":{"line":14,"column":25}},{"start":{"line":14,"column":29},"end":{"line":14,"column":33}}],"line":14},"4":{"loc":{"start":{"line":15,"column":10},"end":{"line":15,"column":32}},"type":"binary-expr","locations":[{"start":{"line":15,"column":10},"end":{"line":15,"column":24}},{"start":{"line":15,"column":28},"end":{"line":15,"column":32}}],"line":15},"5":{"loc":{"start":{"line":16,"column":11},"end":{"line":16,"column":44}},"type":"binary-expr","locations":[{"start":{"line":16,"column":11},"end":{"line":16,"column":26}},{"start":{"line":16,"column":30},"end":{"line":16,"column":38}},{"start":{"line":16,"column":42},"end":{"line":16,"column":44}}],"line":16},"6":{"loc":{"start":{"line":23,"column":23},"end":{"line":23,"column":33}},"type":"default-arg","locations":[{"start":{"line":23,"column":31},"end":{"line":23,"column":33}}],"line":23},"7":{"loc":{"start":{"line":25,"column":14},"end":{"line":25,"column":61}},"type":"binary-expr","locations":[{"start":{"line":25,"column":14},"end":{"line":25,"column":26}},{"start":{"line":25,"column":30},"end":{"line":25,"column":43}},{"start":{"line":25,"column":47},"end":{"line":25,"column":61}}],"line":25},"8":{"loc":{"start":{"line":26,"column":12},"end":{"line":26,"column":56}},"type":"binary-expr","locations":[{"start":{"line":26,"column":12},"end":{"line":26,"column":22}},{"start":{"line":26,"column":26},"end":{"line":26,"column":40}},{"start":{"line":26,"column":44},"end":{"line":26,"column":56}}],"line":26},"9":{"loc":{"start":{"line":27,"column":17},"end":{"line":27,"column":53}},"type":"binary-expr","locations":[{"start":{"line":27,"column":17},"end":{"line":27,"column":32}},{"start":{"line":27,"column":36},"end":{"line":27,"column":53}}],"line":27},"10":{"loc":{"start":{"line":28,"column":17},"end":{"line":28,"column":53}},"type":"binary-expr","locations":[{"start":{"line":28,"column":17},"end":{"line":28,"column":32}},{"start":{"line":28,"column":36},"end":{"line":28,"column":53}}],"line":28}},"s":{"0":1,"1":11,"2":11,"3":0,"4":11,"5":11,"6":11,"7":11,"8":5,"9":11,"10":1},"f":{"0":11,"1":11,"2":5},"b":{"0":[0,11],"1":[11,0],"2":[11,0,0],"3":[11,11],"4":[11,11],"5":[11,0,0],"6":[0],"7":[5,5,2],"8":[5,5,2],"9":[5,5],"10":[5,5]},"_coverageSchema":"1a1c01bbd47fc00a2c39e90264f33305004495a9","hash":"cf2bf8e445486a0658626bc9dcd315c35bfe9f0d"}
,"E:\\Software(Mind Bridge)\\MentalHealthAssistant\\mentalhealth\\mentalhealth\\server\\middleware\\errorHandler.js": {"path":"E:\\Software(Mind Bridge)\\MentalHealthAssistant\\mentalhealth\\mentalhealth\\server\\middleware\\errorHandler.js","statementMap":{"0":{"start":{"line":2,"column":21},"end":{"line":2,"column":42}},"1":{"start":{"line":3,"column":23},"end":{"line":3,"column":60}},"2":{"start":{"line":4,"column":18},"end":{"line":4,"column":75}},"3":{"start":{"line":6,"column":2},"end":{"line":19,"column":3}},"4":{"start":{"line":7,"column":4},"end":{"line":12,"column":7}},"5":{"start":{"line":14,"column":4},"end":{"line":18,"column":7}},"6":{"start":{"line":21,"column":2},"end":{"line":21,"column":57}},"7":{"start":{"line":24,"column":0},"end":{"line":24,"column":34}}},"fnMap":{"0":{"name":"errorHandler","decl":{"start":{"line":1,"column":9},"end":{"line":1,"column":21}},"loc":{"start":{"line":1,"column":44},"end":{"line":22,"column":1}},"line":1}},"branchMap":{"0":{"loc":{"start":{"line":2,"column":21},"end":{"line":2,"column":42}},"type":"binary-expr","locations":[{"start":{"line":2,"column":21},"end":{"line":2,"column":35}},{"start":{"line":2,"column":39},"end":{"line":2,"column":42}}],"line":2},"1":{"loc":{"start":{"line":4,"column":18},"end":{"line":4,"column":75}},"type":"cond-expr","locations":[{"start":{"line":4,"column":38},"end":{"line":4,"column":61}},{"start":{"line":4,"column":64},"end":{"line":4,"column":75}}],"line":4},"2":{"loc":{"start":{"line":6,"column":2},"end":{"line":19,"column":3}},"type":"if","locations":[{"start":{"line":6,"column":2},"end":{"line":19,"column":3}},{"start":{"line":13,"column":9},"end":{"line":19,"column":3}}],"line":6}},"s":{"0":1,"1":1,"2":1,"3":1,"4":1,"5":0,"6":1,"7":2},"f":{"0":1},"b":{"0":[1,1],"1":[1,0],"2":[1,0]},"_coverageSchema":"1a1c01bbd47fc00a2c39e90264f33305004495a9","hash":"495e4ca5a8ffe8b2842776d7e9a2aebfb41a1ead"}
,"E:\\Software(Mind Bridge)\\MentalHealthAssistant\\mentalhealth\\mentalhealth\\server\\middleware\\rateLimitMiddleware.js": {"path":"E:\\Software(Mind Bridge)\\MentalHealthAssistant\\mentalhealth\\mentalhealth\\server\\middleware\\rateLimitMiddleware.js","statementMap":{"0":{"start":{"line":1,"column":21},"end":{"line":1,"column":30}},"1":{"start":{"line":4,"column":23},"end":{"line":4,"column":53}},"2":{"start":{"line":5,"column":2},"end":{"line":7,"column":3}},"3":{"start":{"line":6,"column":4},"end":{"line":6,"column":45}},"4":{"start":{"line":9,"column":2},"end":{"line":9,"column":58}},"5":{"start":{"line":13,"column":2},"end":{"line":15,"column":3}},"6":{"start":{"line":14,"column":4},"end":{"line":14,"column":34}},"7":{"start":{"line":17,"column":2},"end":{"line":17,"column":34}},"8":{"start":{"line":26,"column":2},"end":{"line":51,"column":4}},"9":{"start":{"line":27,"column":16},"end":{"line":27,"column":26}},"10":{"start":{"line":28,"column":16},"end":{"line":28,"column":69}},"11":{"start":{"line":29,"column":21},"end":{"line":29,"column":42}},"12":{"start":{"line":31,"column":4},"end":{"line":37,"column":5}},"13":{"start":{"line":32,"column":6},"end":{"line":35,"column":9}},"14":{"start":{"line":36,"column":6},"end":{"line":36,"column":20}},"15":{"start":{"line":39,"column":4},"end":{"line":39,"column":24}},"16":{"start":{"line":41,"column":4},"end":{"line":43,"column":5}},"17":{"start":{"line":42,"column":6},"end":{"line":42,"column":20}},"18":{"start":{"line":45,"column":30},"end":{"line":45,"column":85}},"19":{"start":{"line":46,"column":4},"end":{"line":46,"column":60}},"20":{"start":{"line":48,"column":4},"end":{"line":50,"column":7}},"21":{"start":{"line":54,"column":30},"end":{"line":59,"column":2}},"22":{"start":{"line":61,"column":37},"end":{"line":66,"column":2}},"23":{"start":{"line":68,"column":24},"end":{"line":73,"column":2}},"24":{"start":{"line":75,"column":0},"end":{"line":79,"column":2}}},"fnMap":{"0":{"name":"getClientIp","decl":{"start":{"line":3,"column":9},"end":{"line":3,"column":20}},"loc":{"start":{"line":3,"column":26},"end":{"line":10,"column":1}},"line":3},"1":{"name":"resolveIdentity","decl":{"start":{"line":12,"column":9},"end":{"line":12,"column":24}},"loc":{"start":{"line":12,"column":44},"end":{"line":18,"column":1}},"line":12},"2":{"name":"createRateLimiter","decl":{"start":{"line":20,"column":9},"end":{"line":20,"column":26}},"loc":{"start":{"line":25,"column":3},"end":{"line":52,"column":1}},"line":25},"3":{"name":"rateLimitMiddleware","decl":{"start":{"line":26,"column":18},"end":{"line":26,"column":37}},"loc":{"start":{"line":26,"column":54},"end":{"line":51,"column":3}},"line":26}},"branchMap":{"0":{"loc":{"start":{"line":5,"column":2},"end":{"line":7,"column":3}},"type":"if","locations":[{"start":{"line":5,"column":2},"end":{"line":7,"column":3}},{"start":{},"end":{}}],"line":5},"1":{"loc":{"start":{"line":5,"column":6},"end":{"line":5,"column":61}},"type":"binary-expr","locations":[{"start":{"line":5,"column":6},"end":{"line":5,"column":38}},{"start":{"line":5,"column":42},"end":{"line":5,"column":61}}],"line":5},"2":{"loc":{"start":{"line":9,"column":9},"end":{"line":9,"column":57}},"type":"binary-expr","locations":[{"start":{"line":9,"column":9},"end":{"line":9,"column":15}},{"start":{"line":9,"column":19},"end":{"line":9,"column":44}},{"start":{"line":9,"column":48},"end":{"line":9,"column":57}}],"line":9},"3":{"loc":{"start":{"line":12,"column":30},"end":{"line":12,"column":42}},"type":"default-arg","locations":[{"start":{"line":12,"column":38},"end":{"line":12,"column":42}}],"line":12},"4":{"loc":{"start":{"line":13,"column":2},"end":{"line":15,"column":3}},"type":"if","locations":[{"start":{"line":13,"column":2},"end":{"line":15,"column":3}},{"start":{},"end":{}}],"line":13},"5":{"loc":{"start":{"line":13,"column":6},"end":{"line":13,"column":45}},"type":"binary-expr","locations":[{"start":{"line":13,"column":6},"end":{"line":13,"column":28}},{"start":{"line":13,"column":32},"end":{"line":13,"column":45}}],"line":13},"6":{"loc":{"start":{"line":23,"column":2},"end":{"line":23,"column":14}},"type":"default-arg","locations":[{"start":{"line":23,"column":10},"end":{"line":23,"column":14}}],"line":23},"7":{"loc":{"start":{"line":24,"column":2},"end":{"line":24,"column":56}},"type":"default-arg","locations":[{"start":{"line":24,"column":12},"end":{"line":24,"column":56}}],"line":24},"8":{"loc":{"start":{"line":31,"column":4},"end":{"line":37,"column":5}},"type":"if","locations":[{"start":{"line":31,"column":4},"end":{"line":37,"column":5}},{"start":{},"end":{}}],"line":31},"9":{"loc":{"start":{"line":31,"column":8},"end":{"line":31,"column":44}},"type":"binary-expr","locations":[{"start":{"line":31,"column":8},"end":{"line":31,"column":17}},{"start":{"line":31,"column":21},"end":{"line":31,"column":44}}],"line":31},"10":{"loc":{"start":{"line":41,"column":4},"end":{"line":43,"column":5}},"type":"if","locations":[{"start":{"line":41,"column":4},"end":{"line":43,"column":5}},{"start":{},"end":{}}],"line":41}},"s":{"0":1,"1":2,"2":2,"3":0,"4":2,"5":3,"6":1,"7":2,"8":3,"9":3,"10":3,"11":3,"12":3,"13":3,"14":3,"15":0,"16":0,"17":0,"18":0,"19":0,"20":0,"21":1,"22":1,"23":1,"24":1},"f":{"0":2,"1":3,"2":3,"3":3},"b":{"0":[0,2],"1":[2,0],"2":[2,0,0],"3":[0],"4":[1,2],"5":[3,1],"6":[0],"7":[0],"8":[3,0],"9":[3,0],"10":[0,0]},"_coverageSchema":"1a1c01bbd47fc00a2c39e90264f33305004495a9","hash":"d93ecb1a313bdf1764d6c58f5e5e1b24f7b36384"}
,"E:\\Software(Mind Bridge)\\MentalHealthAssistant\\mentalhealth\\mentalhealth\\server\\models\\_shared.js": {"path":"E:\\Software(Mind Bridge)\\MentalHealthAssistant\\mentalhealth\\mentalhealth\\server\\models\\_shared.js","statementMap":{"0":{"start":{"line":2,"column":2},"end":{"line":2,"column":57}},"1":{"start":{"line":2,"column":45},"end":{"line":2,"column":57}},"2":{"start":{"line":3,"column":2},"end":{"line":3,"column":46}},"3":{"start":{"line":3,"column":33},"end":{"line":3,"column":46}},"4":{"start":{"line":4,"column":2},"end":{"line":4,"column":54}},"5":{"start":{"line":4,"column":33},"end":{"line":4,"column":54}},"6":{"start":{"line":5,"column":2},"end":{"line":8,"column":3}},"7":{"start":{"line":6,"column":4},"end":{"line":6,"column":76}},"8":{"start":{"line":6,"column":49},"end":{"line":6,"column":76}},"9":{"start":{"line":7,"column":4},"end":{"line":7,"column":70}},"10":{"start":{"line":7,"column":46},"end":{"line":7,"column":70}},"11":{"start":{"line":9,"column":2},"end":{"line":9,"column":23}},"12":{"start":{"line":13,"column":2},"end":{"line":13,"column":26}},"13":{"start":{"line":13,"column":14},"end":{"line":13,"column":26}},"14":{"start":{"line":14,"column":2},"end":{"line":14,"column":57}},"15":{"start":{"line":18,"column":2},"end":{"line":18,"column":60}},"16":{"start":{"line":21,"column":0},"end":{"line":25,"column":2}}},"fnMap":{"0":{"name":"normalizeId","decl":{"start":{"line":1,"column":9},"end":{"line":1,"column":20}},"loc":{"start":{"line":1,"column":28},"end":{"line":10,"column":1}},"line":1},"1":{"name":"normalizeDate","decl":{"start":{"line":12,"column":9},"end":{"line":12,"column":22}},"loc":{"start":{"line":12,"column":30},"end":{"line":15,"column":1}},"line":12},"2":{"name":"serializeJson","decl":{"start":{"line":17,"column":9},"end":{"line":17,"column":22}},"loc":{"start":{"line":17,"column":30},"end":{"line":19,"column":1}},"line":17}},"branchMap":{"0":{"loc":{"start":{"line":2,"column":2},"end":{"line":2,"column":57}},"type":"if","locations":[{"start":{"line":2,"column":2},"end":{"line":2,"column":57}},{"start":{},"end":{}}],"line":2},"1":{"loc":{"start":{"line":2,"column":6},"end":{"line":2,"column":43}},"type":"binary-expr","locations":[{"start":{"line":2,"column":6},"end":{"line":2,"column":20}},{"start":{"line":2,"column":24},"end":{"line":2,"column":43}}],"line":2},"2":{"loc":{"start":{"line":3,"column":2},"end":{"line":3,"column":46}},"type":"if","locations":[{"start":{"line":3,"column":2},"end":{"line":3,"column":46}},{"start":{},"end":{}}],"line":3},"3":{"loc":{"start":{"line":4,"column":2},"end":{"line":4,"column":54}},"type":"if","locations":[{"start":{"line":4,"column":2},"end":{"line":4,"column":54}},{"start":{},"end":{}}],"line":4},"4":{"loc":{"start":{"line":5,"column":2},"end":{"line":8,"column":3}},"type":"if","locations":[{"start":{"line":5,"column":2},"end":{"line":8,"column":3}},{"start":{},"end":{}}],"line":5},"5":{"loc":{"start":{"line":6,"column":4},"end":{"line":6,"column":76}},"type":"if","locations":[{"start":{"line":6,"column":4},"end":{"line":6,"column":76}},{"start":{},"end":{}}],"line":6},"6":{"loc":{"start":{"line":7,"column":4},"end":{"line":7,"column":70}},"type":"if","locations":[{"start":{"line":7,"column":4},"end":{"line":7,"column":70}},{"start":{},"end":{}}],"line":7},"7":{"loc":{"start":{"line":13,"column":2},"end":{"line":13,"column":26}},"type":"if","locations":[{"start":{"line":13,"column":2},"end":{"line":13,"column":26}},{"start":{},"end":{}}],"line":13},"8":{"loc":{"start":{"line":14,"column":9},"end":{"line":14,"column":56}},"type":"cond-expr","locations":[{"start":{"line":14,"column":33},"end":{"line":14,"column":38}},{"start":{"line":14,"column":41},"end":{"line":14,"column":56}}],"line":14},"9":{"loc":{"start":{"line":18,"column":9},"end":{"line":18,"column":59}},"type":"cond-expr","locations":[{"start":{"line":18,"column":31},"end":{"line":18,"column":35}},{"start":{"line":18,"column":38},"end":{"line":18,"column":59}}],"line":18}},"s":{"0":8,"1":2,"2":6,"3":6,"4":0,"5":0,"6":0,"7":0,"8":0,"9":0,"10":0,"11":0,"12":0,"13":0,"14":0,"15":2,"16":11},"f":{"0":8,"1":0,"2":2},"b":{"0":[2,6],"1":[8,6],"2":[6,0],"3":[0,0],"4":[0,0],"5":[0,0],"6":[0,0],"7":[0,0],"8":[0,0],"9":[0,2]},"_coverageSchema":"1a1c01bbd47fc00a2c39e90264f33305004495a9","hash":"0e15668eada33f076106cade05df6f9a7020b63d"}
,"E:\\Software(Mind Bridge)\\MentalHealthAssistant\\mentalhealth\\mentalhealth\\server\\models\\appointmentModel.js": {"path":"E:\\Software(Mind Bridge)\\MentalHealthAssistant\\mentalhealth\\mentalhealth\\server\\models\\appointmentModel.js","statementMap":{"0":{"start":{"line":1,"column":35},"end":{"line":1,"column":64}},"1":{"start":{"line":2,"column":39},"end":{"line":2,"column":59}},"2":{"start":{"line":5,"column":2},"end":{"line":5,"column":24}},"3":{"start":{"line":5,"column":12},"end":{"line":5,"column":24}},"4":{"start":{"line":6,"column":2},"end":{"line":18,"column":4}},"5":{"start":{"line":22,"column":2},"end":{"line":59,"column":5}},"6":{"start":{"line":23,"column":19},"end":{"line":41,"column":5}},"7":{"start":{"line":43,"column":4},"end":{"line":56,"column":5}},"8":{"start":{"line":44,"column":6},"end":{"line":44,"column":102}},"9":{"start":{"line":45,"column":11},"end":{"line":56,"column":5}},"10":{"start":{"line":46,"column":6},"end":{"line":55,"column":8}},"11":{"start":{"line":58,"column":4},"end":{"line":58,"column":42}},"12":{"start":{"line":63,"column":17},"end":{"line":68,"column":3}},"13":{"start":{"line":69,"column":2},"end":{"line":69,"column":41}},"14":{"start":{"line":73,"column":17},"end":{"line":78,"column":3}},"15":{"start":{"line":79,"column":2},"end":{"line":79,"column":41}},"16":{"start":{"line":82,"column":0},"end":{"line":87,"column":2}}},"fnMap":{"0":{"name":"mapAppointment","decl":{"start":{"line":4,"column":9},"end":{"line":4,"column":23}},"loc":{"start":{"line":4,"column":29},"end":{"line":19,"column":1}},"line":4},"1":{"name":"createAppointment","decl":{"start":{"line":21,"column":15},"end":{"line":21,"column":32}},"loc":{"start":{"line":21,"column":64},"end":{"line":60,"column":1}},"line":21},"2":{"name":"(anonymous_2)","decl":{"start":{"line":22,"column":25},"end":{"line":22,"column":26}},"loc":{"start":{"line":22,"column":43},"end":{"line":59,"column":3}},"line":22},"3":{"name":"findAppointmentsByPatientId","decl":{"start":{"line":62,"column":15},"end":{"line":62,"column":42}},"loc":{"start":{"line":62,"column":54},"end":{"line":70,"column":1}},"line":62},"4":{"name":"findAppointmentsByDoctorId","decl":{"start":{"line":72,"column":15},"end":{"line":72,"column":41}},"loc":{"start":{"line":72,"column":52},"end":{"line":80,"column":1}},"line":72}},"branchMap":{"0":{"loc":{"start":{"line":5,"column":2},"end":{"line":5,"column":24}},"type":"if","locations":[{"start":{"line":5,"column":2},"end":{"line":5,"column":24}},{"start":{},"end":{}}],"line":5},"1":{"loc":{"start":{"line":21,"column":46},"end":{"line":21,"column":62}},"type":"default-arg","locations":[{"start":{"line":21,"column":60},"end":{"line":21,"column":62}}],"line":21},"2":{"loc":{"start":{"line":39,"column":8},"end":{"line":39,"column":43}},"type":"binary-expr","locations":[{"start":{"line":39,"column":8},"end":{"line":39,"column":29}},{"start":{"line":39,"column":33},"end":{"line":39,"column":43}}],"line":39},"3":{"loc":{"start":{"line":43,"column":4},"end":{"line":56,"column":5}},"type":"if","locations":[{"start":{"line":43,"column":4},"end":{"line":56,"column":5}},{"start":{"line":45,"column":11},"end":{"line":56,"column":5}}],"line":43},"4":{"loc":{"start":{"line":45,"column":11},"end":{"line":56,"column":5}},"type":"if","locations":[{"start":{"line":45,"column":11},"end":{"line":56,"column":5}},{"start":{},"end":{}}],"line":45},"5":{"loc":{"start":{"line":45,"column":15},"end":{"line":45,"column":78}},"type":"binary-expr","locations":[{"start":{"line":45,"column":15},"end":{"line":45,"column":35}},{"start":{"line":45,"column":39},"end":{"line":45,"column":78}}],"line":45}},"s":{"0":2,"1":2,"2":0,"3":0,"4":0,"5":0,"6":0,"7":0,"8":0,"9":0,"10":0,"11":0,"12":0,"13":0,"14":0,"15":0,"16":2},"f":{"0":0,"1":0,"2":0,"3":0,"4":0},"b":{"0":[0,0],"1":[0],"2":[0,0],"3":[0,0],"4":[0,0],"5":[0,0]},"_coverageSchema":"1a1c01bbd47fc00a2c39e90264f33305004495a9","hash":"901adf4f1f23cdfaa3366fdd762a1ac22c6a77d7"}
,"E:\\Software(Mind Bridge)\\MentalHealthAssistant\\mentalhealth\\mentalhealth\\server\\models\\communityModel.js": {"path":"E:\\Software(Mind Bridge)\\MentalHealthAssistant\\mentalhealth\\mentalhealth\\server\\models\\communityModel.js","statementMap":{"0":{"start":{"line":1,"column":18},"end":{"line":1,"column":47}},"1":{"start":{"line":2,"column":24},"end":{"line":2,"column":44}},"2":{"start":{"line":5,"column":2},"end":{"line":5,"column":24}},"3":{"start":{"line":5,"column":12},"end":{"line":5,"column":24}},"4":{"start":{"line":6,"column":2},"end":{"line":13,"column":4}},"5":{"start":{"line":17,"column":2},"end":{"line":17,"column":24}},"6":{"start":{"line":17,"column":12},"end":{"line":17,"column":24}},"7":{"start":{"line":18,"column":2},"end":{"line":31,"column":4}},"8":{"start":{"line":35,"column":27},"end":{"line":35,"column":46}},"9":{"start":{"line":36,"column":22},"end":{"line":63,"column":3}},"10":{"start":{"line":65,"column":18},"end":{"line":65,"column":55}},"11":{"start":{"line":65,"column":48},"end":{"line":65,"column":54}},"12":{"start":{"line":66,"column":2},"end":{"line":66,"column":38}},"13":{"start":{"line":66,"column":28},"end":{"line":66,"column":38}},"14":{"start":{"line":68,"column":25},"end":{"line":71,"column":3}},"15":{"start":{"line":73,"column":25},"end":{"line":73,"column":34}},"16":{"start":{"line":74,"column":2},"end":{"line":79,"column":3}},"17":{"start":{"line":75,"column":20},"end":{"line":75,"column":35}},"18":{"start":{"line":76,"column":20},"end":{"line":76,"column":57}},"19":{"start":{"line":77,"column":4},"end":{"line":77,"column":26}},"20":{"start":{"line":78,"column":4},"end":{"line":78,"column":45}},"21":{"start":{"line":81,"column":2},"end":{"line":83,"column":4}},"22":{"start":{"line":82,"column":4},"end":{"line":82,"column":73}},"23":{"start":{"line":87,"column":16},"end":{"line":87,"column":48}},"24":{"start":{"line":88,"column":2},"end":{"line":88,"column":75}},"25":{"start":{"line":88,"column":30},"end":{"line":88,"column":65}},"26":{"start":{"line":92,"column":17},"end":{"line":104,"column":3}},"27":{"start":{"line":106,"column":2},"end":{"line":106,"column":60}},"28":{"start":{"line":110,"column":27},"end":{"line":110,"column":46}},"29":{"start":{"line":111,"column":27},"end":{"line":111,"column":46}},"30":{"start":{"line":113,"column":19},"end":{"line":116,"column":3}},"31":{"start":{"line":118,"column":2},"end":{"line":124,"column":3}},"32":{"start":{"line":119,"column":4},"end":{"line":122,"column":6}},"33":{"start":{"line":123,"column":4},"end":{"line":123,"column":29}},"34":{"start":{"line":126,"column":2},"end":{"line":129,"column":4}},"35":{"start":{"line":130,"column":2},"end":{"line":130,"column":26}},"36":{"start":{"line":134,"column":17},"end":{"line":146,"column":3}},"37":{"start":{"line":148,"column":2},"end":{"line":148,"column":36}},"38":{"start":{"line":151,"column":0},"end":{"line":157,"column":2}}},"fnMap":{"0":{"name":"mapComment","decl":{"start":{"line":4,"column":9},"end":{"line":4,"column":19}},"loc":{"start":{"line":4,"column":25},"end":{"line":14,"column":1}},"line":4},"1":{"name":"mapCommunityPost","decl":{"start":{"line":16,"column":9},"end":{"line":16,"column":25}},"loc":{"start":{"line":16,"column":44},"end":{"line":32,"column":1}},"line":16},"2":{"name":"listCommunityPosts","decl":{"start":{"line":34,"column":15},"end":{"line":34,"column":33}},"loc":{"start":{"line":34,"column":42},"end":{"line":84,"column":1}},"line":34},"3":{"name":"(anonymous_3)","decl":{"start":{"line":65,"column":39},"end":{"line":65,"column":40}},"loc":{"start":{"line":65,"column":48},"end":{"line":65,"column":54}},"line":65},"4":{"name":"(anonymous_4)","decl":{"start":{"line":81,"column":30},"end":{"line":81,"column":31}},"loc":{"start":{"line":82,"column":4},"end":{"line":82,"column":73}},"line":82},"5":{"name":"findCommunityPostById","decl":{"start":{"line":86,"column":15},"end":{"line":86,"column":36}},"loc":{"start":{"line":86,"column":53},"end":{"line":89,"column":1}},"line":86},"6":{"name":"(anonymous_6)","decl":{"start":{"line":88,"column":20},"end":{"line":88,"column":21}},"loc":{"start":{"line":88,"column":30},"end":{"line":88,"column":65}},"line":88},"7":{"name":"createCommunityPost","decl":{"start":{"line":91,"column":15},"end":{"line":91,"column":34}},"loc":{"start":{"line":91,"column":41},"end":{"line":107,"column":1}},"line":91},"8":{"name":"togglePostEngagement","decl":{"start":{"line":109,"column":15},"end":{"line":109,"column":35}},"loc":{"start":{"line":109,"column":70},"end":{"line":131,"column":1}},"line":109},"9":{"name":"addPostComment","decl":{"start":{"line":133,"column":15},"end":{"line":133,"column":29}},"loc":{"start":{"line":133,"column":39},"end":{"line":149,"column":1}},"line":133}},"branchMap":{"0":{"loc":{"start":{"line":5,"column":2},"end":{"line":5,"column":24}},"type":"if","locations":[{"start":{"line":5,"column":2},"end":{"line":5,"column":24}},{"start":{},"end":{}}],"line":5},"1":{"loc":{"start":{"line":16,"column":31},"end":{"line":16,"column":42}},"type":"default-arg","locations":[{"start":{"line":16,"column":40},"end":{"line":16,"column":42}}],"line":16},"2":{"loc":{"start":{"line":17,"column":2},"end":{"line":17,"column":24}},"type":"if","locations":[{"start":{"line":17,"column":2},"end":{"line":17,"column":24}},{"start":{},"end":{}}],"line":17},"3":{"loc":{"start":{"line":24,"column":18},"end":{"line":24,"column":51}},"type":"binary-expr","locations":[{"start":{"line":24,"column":18},"end":{"line":24,"column":33}},{"start":{"line":24,"column":37},"end":{"line":24,"column":46}},{"start":{"line":24,"column":50},"end":{"line":24,"column":51}}],"line":24},"4":{"loc":{"start":{"line":25,"column":26},"end":{"line":25,"column":65}},"type":"binary-expr","locations":[{"start":{"line":25,"column":26},"end":{"line":25,"column":44}},{"start":{"line":25,"column":48},"end":{"line":25,"column":60}},{"start":{"line":25,"column":64},"end":{"line":25,"column":65}}],"line":25},"5":{"loc":{"start":{"line":26,"column":23},"end":{"line":26,"column":56}},"type":"binary-expr","locations":[{"start":{"line":26,"column":23},"end":{"line":26,"column":38}},{"start":{"line":26,"column":42},"end":{"line":26,"column":51}},{"start":{"line":26,"column":55},"end":{"line":26,"column":56}}],"line":26},"6":{"loc":{"start":{"line":30,"column":14},"end":{"line":30,"column":35}},"type":"binary-expr","locations":[{"start":{"line":30,"column":14},"end":{"line":30,"column":29}},{"start":{"line":30,"column":33},"end":{"line":30,"column":35}}],"line":30},"7":{"loc":{"start":{"line":66,"column":2},"end":{"line":66,"column":38}},"type":"if","locations":[{"start":{"line":66,"column":2},"end":{"line":66,"column":38}},{"start":{},"end":{}}],"line":66},"8":{"loc":{"start":{"line":76,"column":20},"end":{"line":76,"column":57}},"type":"binary-expr","locations":[{"start":{"line":76,"column":20},"end":{"line":76,"column":51}},{"start":{"line":76,"column":55},"end":{"line":76,"column":57}}],"line":76},"9":{"loc":{"start":{"line":82,"column":38},"end":{"line":82,"column":70}},"type":"binary-expr","locations":[{"start":{"line":82,"column":38},"end":{"line":82,"column":64}},{"start":{"line":82,"column":68},"end":{"line":82,"column":70}}],"line":82},"10":{"loc":{"start":{"line":88,"column":9},"end":{"line":88,"column":74}},"type":"binary-expr","locations":[{"start":{"line":88,"column":9},"end":{"line":88,"column":66}},{"start":{"line":88,"column":70},"end":{"line":88,"column":74}}],"line":88},"11":{"loc":{"start":{"line":99,"column":6},"end":{"line":99,"column":23}},"type":"binary-expr","locations":[{"start":{"line":99,"column":6},"end":{"line":99,"column":15}},{"start":{"line":99,"column":19},"end":{"line":99,"column":23}}],"line":99},"12":{"loc":{"start":{"line":100,"column":6},"end":{"line":100,"column":27}},"type":"binary-expr","locations":[{"start":{"line":100,"column":6},"end":{"line":100,"column":19}},{"start":{"line":100,"column":23},"end":{"line":100,"column":27}}],"line":100},"13":{"loc":{"start":{"line":101,"column":6},"end":{"line":101,"column":24}},"type":"binary-expr","locations":[{"start":{"line":101,"column":6},"end":{"line":101,"column":16}},{"start":{"line":101,"column":20},"end":{"line":101,"column":24}}],"line":101},"14":{"loc":{"start":{"line":102,"column":6},"end":{"line":102,"column":34}},"type":"binary-expr","locations":[{"start":{"line":102,"column":6},"end":{"line":102,"column":20}},{"start":{"line":102,"column":24},"end":{"line":102,"column":34}}],"line":102},"15":{"loc":{"start":{"line":118,"column":2},"end":{"line":124,"column":3}},"type":"if","locations":[{"start":{"line":118,"column":2},"end":{"line":124,"column":3}},{"start":{},"end":{}}],"line":118},"16":{"loc":{"start":{"line":144,"column":6},"end":{"line":144,"column":37}},"type":"binary-expr","locations":[{"start":{"line":144,"column":6},"end":{"line":144,"column":23}},{"start":{"line":144,"column":27},"end":{"line":144,"column":37}}],"line":144}},"s":{"0":2,"1":2,"2":0,"3":0,"4":0,"5":0,"6":0,"7":0,"8":0,"9":0,"10":0,"11":0,"12":0,"13":0,"14":0,"15":0,"16":0,"17":0,"18":0,"19":0,"20":0,"21":0,"22":0,"23":0,"24":0,"25":0,"26":0,"27":0,"28":0,"29":0,"30":0,"31":0,"32":0,"33":0,"34":0,"35":0,"36":0,"37":0,"38":2},"f":{"0":0,"1":0,"2":0,"3":0,"4":0,"5":0,"6":0,"7":0,"8":0,"9":0},"b":{"0":[0,0],"1":[0],"2":[0,0],"3":[0,0,0],"4":[0,0,0],"5":[0,0,0],"6":[0,0],"7":[0,0],"8":[0,0],"9":[0,0],"10":[0,0],"11":[0,0],"12":[0,0],"13":[0,0],"14":[0,0],"15":[0,0],"16":[0,0]},"_coverageSchema":"1a1c01bbd47fc00a2c39e90264f33305004495a9","hash":"799ad66028325c41d5363aeb958cd365e6b812e5"}
,"E:\\Software(Mind Bridge)\\MentalHealthAssistant\\mentalhealth\\mentalhealth\\server\\models\\doctorModel.js": {"path":"E:\\Software(Mind Bridge)\\MentalHealthAssistant\\mentalhealth\\mentalhealth\\server\\models\\doctorModel.js","statementMap":{"0":{"start":{"line":1,"column":35},"end":{"line":1,"column":64}},"1":{"start":{"line":2,"column":24},"end":{"line":2,"column":44}},"2":{"start":{"line":5,"column":2},"end":{"line":13,"column":4}},"3":{"start":{"line":17,"column":2},"end":{"line":17,"column":24}},"4":{"start":{"line":17,"column":12},"end":{"line":17,"column":24}},"5":{"start":{"line":18,"column":2},"end":{"line":35,"column":4}},"6":{"start":{"line":39,"column":17},"end":{"line":41,"column":3}},"7":{"start":{"line":42,"column":24},"end":{"line":42,"column":88}},"8":{"start":{"line":42,"column":75},"end":{"line":42,"column":86}},"9":{"start":{"line":43,"column":2},"end":{"line":43,"column":99}},"10":{"start":{"line":43,"column":34},"end":{"line":43,"column":97}},"11":{"start":{"line":47,"column":2},"end":{"line":47,"column":42}},"12":{"start":{"line":47,"column":25},"end":{"line":47,"column":42}},"13":{"start":{"line":48,"column":17},"end":{"line":51,"column":3}},"14":{"start":{"line":52,"column":18},"end":{"line":52,"column":27}},"15":{"start":{"line":53,"column":2},"end":{"line":58,"column":3}},"16":{"start":{"line":54,"column":17},"end":{"line":54,"column":29}},"17":{"start":{"line":55,"column":20},"end":{"line":55,"column":57}},"18":{"start":{"line":56,"column":4},"end":{"line":56,"column":23}},"19":{"start":{"line":57,"column":4},"end":{"line":57,"column":45}},"20":{"start":{"line":59,"column":2},"end":{"line":59,"column":17}},"21":{"start":{"line":63,"column":27},"end":{"line":63,"column":46}},"22":{"start":{"line":64,"column":38},"end":{"line":70,"column":4}},"23":{"start":{"line":71,"column":2},"end":{"line":73,"column":5}},"24":{"start":{"line":77,"column":27},"end":{"line":77,"column":46}},"25":{"start":{"line":78,"column":14},"end":{"line":78,"column":45}},"26":{"start":{"line":79,"column":19},"end":{"line":79,"column":60}},"27":{"start":{"line":80,"column":17},"end":{"line":111,"column":3}},"28":{"start":{"line":112,"column":2},"end":{"line":115,"column":4}},"29":{"start":{"line":119,"column":17},"end":{"line":121,"column":3}},"30":{"start":{"line":122,"column":2},"end":{"line":122,"column":34}},"31":{"start":{"line":126,"column":20},"end":{"line":126,"column":22}},"32":{"start":{"line":127,"column":25},"end":{"line":127,"column":56}},"33":{"start":{"line":128,"column":21},"end":{"line":128,"column":50}},"34":{"start":{"line":129,"column":19},"end":{"line":129,"column":39}},"35":{"start":{"line":130,"column":17},"end":{"line":130,"column":33}},"36":{"start":{"line":132,"column":2},"end":{"line":140,"column":3}},"37":{"start":{"line":133,"column":15},"end":{"line":133,"column":67}},"38":{"start":{"line":134,"column":15},"end":{"line":134,"column":55}},"39":{"start":{"line":135,"column":20},"end":{"line":135,"column":35}},"40":{"start":{"line":136,"column":15},"end":{"line":136,"column":64}},"41":{"start":{"line":137,"column":15},"end":{"line":137,"column":52}},"42":{"start":{"line":138,"column":4},"end":{"line":138,"column":73}},"43":{"start":{"line":139,"column":4},"end":{"line":139,"column":25}},"44":{"start":{"line":142,"column":2},"end":{"line":142,"column":19}},"45":{"start":{"line":146,"column":27},"end":{"line":146,"column":46}},"46":{"start":{"line":147,"column":17},"end":{"line":147,"column":58}},"47":{"start":{"line":148,"column":2},"end":{"line":148,"column":59}},"48":{"start":{"line":148,"column":15},"end":{"line":148,"column":59}},"49":{"start":{"line":150,"column":20},"end":{"line":150,"column":57}},"50":{"start":{"line":151,"column":2},"end":{"line":151,"column":63}},"51":{"start":{"line":151,"column":25},"end":{"line":151,"column":63}},"52":{"start":{"line":153,"column":2},"end":{"line":184,"column":5}},"53":{"start":{"line":154,"column":27},"end":{"line":154,"column":29}},"54":{"start":{"line":155,"column":4},"end":{"line":182,"column":5}},"55":{"start":{"line":156,"column":21},"end":{"line":156,"column":49}},"56":{"start":{"line":157,"column":21},"end":{"line":165,"column":7}},"57":{"start":{"line":166,"column":6},"end":{"line":170,"column":8}},"58":{"start":{"line":171,"column":6},"end":{"line":181,"column":8}},"59":{"start":{"line":183,"column":4},"end":{"line":183,"column":38}},"60":{"start":{"line":188,"column":17},"end":{"line":191,"column":3}},"61":{"start":{"line":192,"column":2},"end":{"line":192,"column":34}},"62":{"start":{"line":196,"column":17},"end":{"line":199,"column":3}},"63":{"start":{"line":200,"column":2},"end":{"line":200,"column":29}},"64":{"start":{"line":204,"column":17},"end":{"line":216,"column":3}},"65":{"start":{"line":217,"column":2},"end":{"line":217,"column":57}},"66":{"start":{"line":221,"column":17},"end":{"line":227,"column":3}},"67":{"start":{"line":228,"column":2},"end":{"line":234,"column":6}},"68":{"start":{"line":228,"column":35},"end":{"line":234,"column":3}},"69":{"start":{"line":237,"column":0},"end":{"line":249,"column":2}}},"fnMap":{"0":{"name":"mapSlot","decl":{"start":{"line":4,"column":9},"end":{"line":4,"column":16}},"loc":{"start":{"line":4,"column":22},"end":{"line":14,"column":1}},"line":4},"1":{"name":"mapDoctor","decl":{"start":{"line":16,"column":9},"end":{"line":16,"column":18}},"loc":{"start":{"line":16,"column":37},"end":{"line":36,"column":1}},"line":16},"2":{"name":"listAllDoctors","decl":{"start":{"line":38,"column":15},"end":{"line":38,"column":29}},"loc":{"start":{"line":38,"column":32},"end":{"line":44,"column":1}},"line":38},"3":{"name":"(anonymous_3)","decl":{"start":{"line":42,"column":66},"end":{"line":42,"column":67}},"loc":{"start":{"line":42,"column":75},"end":{"line":42,"column":86}},"line":42},"4":{"name":"(anonymous_4)","decl":{"start":{"line":43,"column":25},"end":{"line":43,"column":26}},"loc":{"start":{"line":43,"column":34},"end":{"line":43,"column":97}},"line":43},"5":{"name":"getSlotsByDoctorIds","decl":{"start":{"line":46,"column":15},"end":{"line":46,"column":34}},"loc":{"start":{"line":46,"column":46},"end":{"line":60,"column":1}},"line":46},"6":{"name":"getDoctorByUserId","decl":{"start":{"line":62,"column":15},"end":{"line":62,"column":32}},"loc":{"start":{"line":62,"column":41},"end":{"line":74,"column":1}},"line":62},"7":{"name":"upsertDoctorProfile","decl":{"start":{"line":76,"column":15},"end":{"line":76,"column":34}},"loc":{"start":{"line":76,"column":52},"end":{"line":116,"column":1}},"line":76},"8":{"name":"listAvailabilities","decl":{"start":{"line":118,"column":15},"end":{"line":118,"column":33}},"loc":{"start":{"line":118,"column":36},"end":{"line":123,"column":1}},"line":118},"9":{"name":"generateIntervals","decl":{"start":{"line":125,"column":9},"end":{"line":125,"column":26}},"loc":{"start":{"line":125,"column":45},"end":{"line":143,"column":1}},"line":125},"10":{"name":"addDoctorSlots","decl":{"start":{"line":145,"column":15},"end":{"line":145,"column":29}},"loc":{"start":{"line":145,"column":83},"end":{"line":185,"column":1}},"line":145},"11":{"name":"(anonymous_11)","decl":{"start":{"line":153,"column":25},"end":{"line":153,"column":26}},"loc":{"start":{"line":153,"column":43},"end":{"line":184,"column":3}},"line":153},"12":{"name":"getDoctorSlots","decl":{"start":{"line":187,"column":15},"end":{"line":187,"column":29}},"loc":{"start":{"line":187,"column":38},"end":{"line":193,"column":1}},"line":187},"13":{"name":"deleteDoctorSlot","decl":{"start":{"line":195,"column":15},"end":{"line":195,"column":31}},"loc":{"start":{"line":195,"column":48},"end":{"line":201,"column":1}},"line":195},"14":{"name":"updateDoctorSlot","decl":{"start":{"line":203,"column":15},"end":{"line":203,"column":31}},"loc":{"start":{"line":203,"column":57},"end":{"line":218,"column":1}},"line":203},"15":{"name":"findDoctorMessages","decl":{"start":{"line":220,"column":15},"end":{"line":220,"column":33}},"loc":{"start":{"line":220,"column":42},"end":{"line":235,"column":1}},"line":220},"16":{"name":"(anonymous_16)","decl":{"start":{"line":228,"column":25},"end":{"line":228,"column":26}},"loc":{"start":{"line":228,"column":35},"end":{"line":234,"column":3}},"line":228}},"branchMap":{"0":{"loc":{"start":{"line":16,"column":24},"end":{"line":16,"column":35}},"type":"default-arg","locations":[{"start":{"line":16,"column":33},"end":{"line":16,"column":35}}],"line":16},"1":{"loc":{"start":{"line":17,"column":2},"end":{"line":17,"column":24}},"type":"if","locations":[{"start":{"line":17,"column":2},"end":{"line":17,"column":24}},{"start":{},"end":{}}],"line":17},"2":{"loc":{"start":{"line":19,"column":9},"end":{"line":19,"column":30}},"type":"binary-expr","locations":[{"start":{"line":19,"column":9},"end":{"line":19,"column":15}},{"start":{"line":19,"column":19},"end":{"line":19,"column":30}}],"line":19},"3":{"loc":{"start":{"line":32,"column":11},"end":{"line":32,"column":29}},"type":"binary-expr","locations":[{"start":{"line":32,"column":11},"end":{"line":32,"column":23}},{"start":{"line":32,"column":27},"end":{"line":32,"column":29}}],"line":32},"4":{"loc":{"start":{"line":33,"column":18},"end":{"line":33,"column":43}},"type":"binary-expr","locations":[{"start":{"line":33,"column":18},"end":{"line":33,"column":37}},{"start":{"line":33,"column":41},"end":{"line":33,"column":43}}],"line":33},"5":{"loc":{"start":{"line":34,"column":14},"end":{"line":34,"column":35}},"type":"binary-expr","locations":[{"start":{"line":34,"column":14},"end":{"line":34,"column":29}},{"start":{"line":34,"column":33},"end":{"line":34,"column":35}}],"line":34},"6":{"loc":{"start":{"line":43,"column":58},"end":{"line":43,"column":94}},"type":"binary-expr","locations":[{"start":{"line":43,"column":58},"end":{"line":43,"column":88}},{"start":{"line":43,"column":92},"end":{"line":43,"column":94}}],"line":43},"7":{"loc":{"start":{"line":47,"column":2},"end":{"line":47,"column":42}},"type":"if","locations":[{"start":{"line":47,"column":2},"end":{"line":47,"column":42}},{"start":{},"end":{}}],"line":47},"8":{"loc":{"start":{"line":55,"column":20},"end":{"line":55,"column":57}},"type":"binary-expr","locations":[{"start":{"line":55,"column":20},"end":{"line":55,"column":51}},{"start":{"line":55,"column":55},"end":{"line":55,"column":57}}],"line":55},"9":{"loc":{"start":{"line":78,"column":14},"end":{"line":78,"column":45}},"type":"binary-expr","locations":[{"start":{"line":78,"column":14},"end":{"line":78,"column":31}},{"start":{"line":78,"column":35},"end":{"line":78,"column":45}}],"line":78},"10":{"loc":{"start":{"line":99,"column":6},"end":{"line":99,"column":26}},"type":"binary-expr","locations":[{"start":{"line":99,"column":6},"end":{"line":99,"column":18}},{"start":{"line":99,"column":22},"end":{"line":99,"column":26}}],"line":99},"11":{"loc":{"start":{"line":100,"column":6},"end":{"line":100,"column":31}},"type":"binary-expr","locations":[{"start":{"line":100,"column":6},"end":{"line":100,"column":23}},{"start":{"line":100,"column":27},"end":{"line":100,"column":31}}],"line":100},"12":{"loc":{"start":{"line":101,"column":6},"end":{"line":101,"column":25}},"type":"binary-expr","locations":[{"start":{"line":101,"column":6},"end":{"line":101,"column":17}},{"start":{"line":101,"column":21},"end":{"line":101,"column":25}}],"line":101},"13":{"loc":{"start":{"line":102,"column":6},"end":{"line":102,"column":29}},"type":"binary-expr","locations":[{"start":{"line":102,"column":6},"end":{"line":102,"column":21}},{"start":{"line":102,"column":25},"end":{"line":102,"column":29}}],"line":102},"14":{"loc":{"start":{"line":103,"column":6},"end":{"line":103,"column":32}},"type":"binary-expr","locations":[{"start":{"line":103,"column":6},"end":{"line":103,"column":24}},{"start":{"line":103,"column":28},"end":{"line":103,"column":32}}],"line":103},"15":{"loc":{"start":{"line":104,"column":6},"end":{"line":104,"column":39}},"type":"binary-expr","locations":[{"start":{"line":104,"column":6},"end":{"line":104,"column":31}},{"start":{"line":104,"column":35},"end":{"line":104,"column":39}}],"line":104},"16":{"loc":{"start":{"line":105,"column":6},"end":{"line":105,"column":36}},"type":"binary-expr","locations":[{"start":{"line":105,"column":6},"end":{"line":105,"column":28}},{"start":{"line":105,"column":32},"end":{"line":105,"column":36}}],"line":105},"17":{"loc":{"start":{"line":106,"column":6},"end":{"line":106,"column":35}},"type":"binary-expr","locations":[{"start":{"line":106,"column":6},"end":{"line":106,"column":27}},{"start":{"line":106,"column":31},"end":{"line":106,"column":35}}],"line":106},"18":{"loc":{"start":{"line":107,"column":6},"end":{"line":107,"column":35}},"type":"binary-expr","locations":[{"start":{"line":107,"column":6},"end":{"line":107,"column":27}},{"start":{"line":107,"column":31},"end":{"line":107,"column":35}}],"line":107},"19":{"loc":{"start":{"line":108,"column":6},"end":{"line":108,"column":32}},"type":"binary-expr","locations":[{"start":{"line":108,"column":6},"end":{"line":108,"column":25}},{"start":{"line":108,"column":29},"end":{"line":108,"column":32}}],"line":108},"20":{"loc":{"start":{"line":148,"column":2},"end":{"line":148,"column":59}},"type":"if","locations":[{"start":{"line":148,"column":2},"end":{"line":148,"column":59}},{"start":{},"end":{}}],"line":148},"21":{"loc":{"start":{"line":151,"column":2},"end":{"line":151,"column":63}},"type":"if","locations":[{"start":{"line":151,"column":2},"end":{"line":151,"column":63}},{"start":{},"end":{}}],"line":151},"22":{"loc":{"start":{"line":160,"column":8},"end":{"line":160,"column":39}},"type":"binary-expr","locations":[{"start":{"line":160,"column":8},"end":{"line":160,"column":19}},{"start":{"line":160,"column":23},"end":{"line":160,"column":39}}],"line":160},"23":{"loc":{"start":{"line":175,"column":23},"end":{"line":175,"column":54}},"type":"binary-expr","locations":[{"start":{"line":175,"column":23},"end":{"line":175,"column":34}},{"start":{"line":175,"column":38},"end":{"line":175,"column":54}}],"line":175},"24":{"loc":{"start":{"line":217,"column":9},"end":{"line":217,"column":56}},"type":"cond-expr","locations":[{"start":{"line":217,"column":26},"end":{"line":217,"column":49}},{"start":{"line":217,"column":52},"end":{"line":217,"column":56}}],"line":217}},"s":{"0":2,"1":2,"2":1,"3":2,"4":0,"5":2,"6":0,"7":0,"8":0,"9":0,"10":0,"11":0,"12":0,"13":0,"14":0,"15":0,"16":0,"17":0,"18":0,"19":0,"20":0,"21":1,"22":1,"23":1,"24":1,"25":1,"26":1,"27":1,"28":1,"29":0,"30":0,"31":0,"32":0,"33":0,"34":0,"35":0,"36":0,"37":0,"38":0,"39":0,"40":0,"41":0,"42":0,"43":0,"44":0,"45":0,"46":0,"47":0,"48":0,"49":0,"50":0,"51":0,"52":0,"53":0,"54":0,"55":0,"56":0,"57":0,"58":0,"59":0,"60":0,"61":0,"62":0,"63":0,"64":0,"65":0,"66":0,"67":0,"68":0,"69":2},"f":{"0":1,"1":2,"2":0,"3":0,"4":0,"5":0,"6":1,"7":1,"8":0,"9":0,"10":0,"11":0,"12":0,"13":0,"14":0,"15":0,"16":0},"b":{"0":[1],"1":[0,2],"2":[2,0],"3":[2,1],"4":[2,2],"5":[2,
[...]
:26,"column":2},"end":{"line":29,"column":34}},"12":{"start":{"line":33,"column":2},"end":{"line":33,"column":43}},"13":{"start":{"line":37,"column":2},"end":{"line":37,"column":45}},"14":{"start":{"line":37,"column":35},"end":{"line":37,"column":45}},"15":{"start":{"line":39,"column":29},"end":{"line":39,"column":64}},"16":{"start":{"line":40,"column":25},"end":{"line":40,"column":69}},"17":{"start":{"line":41,"column":27},"end":{"line":41,"column":29}},"18":{"start":{"line":43,"column":2},"end":{"line":63,"column":3}},"19":{"start":{"line":44,"column":4},"end":{"line":44,"column":62}},"20":{"start":{"line":44,"column":53},"end":{"line":44,"column":62}},"21":{"start":{"line":46,"column":27},"end":{"line":46,"column":76}},"22":{"start":{"line":48,"column":6},"end":{"line":50,"column":38}},"23":{"start":{"line":52,"column":4},"end":{"line":52,"column":27}},"24":{"start":{"line":52,"column":18},"end":{"line":52,"column":27}},"25":{"start":{"line":55,"column":4},"end":{"line":55,"column":44}},"26":{"start":{"line":55,"column":35},"end":{"line":55,"column":44}},"27":{"start":{"line":57,"column":4},"end":{"line":57,"column":71}},"28":{"start":{"line":57,"column":62},"end":{"line":57,"column":71}},"29":{"start":{"line":59,"column":4},"end":{"line":62,"column":7}},"30":{"start":{"line":65,"column":2},"end":{"line":65,"column":55}},"31":{"start":{"line":68,"column":0},"end":{"line":73,"column":2}}},"fnMap":{"0":{"name":"maskPII","decl":{"start":{"line":13,"column":9},"end":{"line":13,"column":16}},"loc":{"start":{"line":13,"column":33},"end":{"line":23,"column":1}},"line":13},"1":{"name":"normalizeText","decl":{"start":{"line":25,"column":9},"end":{"line":25,"column":22}},"loc":{"start":{"line":25,"column":35},"end":{"line":30,"column":1}},"line":25},"2":{"name":"sanitizeUserMessage","decl":{"start":{"line":32,"column":9},"end":{"line":32,"column":28}},"loc":{"start":{"line":32,"column":45},"end":{"line":34,"column":1}},"line":32},"3":{"name":"sanitizeConversationHistory","decl":{"start":{"line":36,"column":9},"end":{"line":36,"column":36}},"loc":{"start":{"line":36,"column":76},"end":{"line":66,"column":1}},"line":36}},"branchMap":{"0":{"loc":{"start":{"line":13,"column":17},"end":{"line":13,"column":31}},"type":"default-arg","locations":[{"start":{"line":13,"column":29},"end":{"line":13,"column":31}}],"line":13},"1":{"loc":{"start":{"line":14,"column":2},"end":{"line":14,"column":47}},"type":"if","locations":[{"start":{"line":14,"column":2},"end":{"line":14,"column":47}},{"start":{},"end":{}}],"line":14},"2":{"loc":{"start":{"line":25,"column":23},"end":{"line":25,"column":33}},"type":"default-arg","locations":[{"start":{"line":25,"column":31},"end":{"line":25,"column":33}}],"line":25},"3":{"loc":{"start":{"line":26,"column":16},"end":{"line":26,"column":27}},"type":"binary-expr","locations":[{"start":{"line":26,"column":16},"end":{"line":26,"column":21}},{"start":{"line":26,"column":25},"end":{"line":26,"column":27}}],"line":26},"4":{"loc":{"start":{"line":32,"column":29},"end":{"line":32,"column":43}},"type":"default-arg","locations":[{"start":{"line":32,"column":41},"end":{"line":32,"column":43}}],"line":32},"5":{"loc":{"start":{"line":36,"column":37},"end":{"line":36,"column":53}},"type":"default-arg","locations":[{"start":{"line":36,"column":51},"end":{"line":36,"column":53}}],"line":36},"6":{"loc":{"start":{"line":36,"column":55},"end":{"line":36,"column":74}},"type":"default-arg","locations":[{"start":{"line":36,"column":72},"end":{"line":36,"column":74}}],"line":36},"7":{"loc":{"start":{"line":37,"column":2},"end":{"line":37,"column":45}},"type":"if","locations":[{"start":{"line":37,"column":2},"end":{"line":37,"column":45}},{"start":{},"end":{}}],"line":37},"8":{"loc":{"start":{"line":44,"column":4},"end":{"line":44,"column":62}},"type":"if","locations":[{"start":{"line":44,"column":4},"end":{"line":44,"column":62}},{"start":{},"end":{}}],"line":44},"9":{"loc":{"start":{"line":44,"column":8},"end":{"line":44,"column":51}},"type":"binary-expr","locations":[{"start":{"line":44,"column":8},"end":{"line":44,"column":14}},{"start":{"line":44,"column":18},"end":{"line":44,"column":51}}],"line":44},"10":{"loc":{"start":{"line":46,"column":27},"end":{"line":46,"column":76}},"type":"cond-expr","locations":[{"start":{"line":46,"column":56},"end":{"line":46,"column":67}},{"start":{"line":46,"column":70},"end":{"line":46,"column":76}}],"line":46},"11":{"loc":{"start":{"line":48,"column":6},"end":{"line":50,"column":38}},"type":"cond-expr","locations":[{"start":{"line":49,"column":10},"end":{"line":49,"column":44}},{"start":{"line":50,"column":10},"end":{"line":50,"column":38}}],"line":48},"12":{"loc":{"start":{"line":52,"column":4},"end":{"line":52,"column":27}},"type":"if","locations":[{"start":{"line":52,"column":4},"end":{"line":52,"column":27}},{"start":{},"end":{}}],"line":52},"13":{"loc":{"start":{"line":55,"column":4},"end":{"line":55,"column":44}},"type":"if","locations":[{"start":{"line":55,"column":4},"end":{"line":55,"column":44}},{"start":{},"end":{}}],"line":55},"14":{"loc":{"start":{"line":57,"column":4},"end":{"line":57,"column":71}},"type":"if","locations":[{"start":{"line":57,"column":4},"end":{"line":57,"column":71}},{"start":{},"end":{}}],"line":57},"15":{"loc":{"start":{"line":57,"column":8},"end":{"line":57,"column":60}},"type":"binary-expr","locations":[{"start":{"line":57,"column":8},"end":{"line":57,"column":26}},{"start":{"line":57,"column":30},"end":{"line":57,"column":60}}],"line":57}},"s":{"0":1,"1":1,"2":1,"3":1,"4":1,"5":1,"6":1,"7":1,"8":0,"9":0,"10":0,"11":0,"12":0,"13":0,"14":0,"15":0,"16":0,"17":0,"18":0,"19":0,"20":0,"21":0,"22":0,"23":0,"24":0,"25":0,"26":0,"27":0,"28":0,"29":0,"30":0,"31":1},"f":{"0":0,"1":0,"2":0,"3":0},"b":{"0":[0],"1":[0,0],"2":[0],"3":[0,0],"4":[0],"5":[0],"6":[0],"7":[0,0],"8":[0,0],"9":[0,0],"10":[0,0],"11":[0,0],"12":[0,0],"13":[0,0],"14":[0,0],"15":[0,0]},"_coverageSchema":"1a1c01bbd47fc00a2c39e90264f33305004495a9","hash":"5ab1f1837bdbfcfb6d4d32165f1de7f72fb70482"}
,"E:\\Software(Mind Bridge)\\MentalHealthAssistant\\mentalhealth\\mentalhealth\\server\\services\\promptGuardrailService.js": {"path":"E:\\Software(Mind Bridge)\\MentalHealthAssistant\\mentalhealth\\mentalhealth\\server\\services\\promptGuardrailService.js","statementMap":{"0":{"start":{"line":1,"column":28},"end":{"line":12,"column":2}},"1":{"start":{"line":14,"column":26},"end":{"line":49,"column":2}},"2":{"start":{"line":52,"column":2},"end":{"line":60,"column":3}},"3":{"start":{"line":53,"column":4},"end":{"line":59,"column":6}},"4":{"start":{"line":62,"column":20},"end":{"line":62,"column":84}},"5":{"start":{"line":62,"column":62},"end":{"line":62,"column":83}},"6":{"start":{"line":63,"column":2},"end":{"line":71,"column":3}},"7":{"start":{"line":64,"column":4},"end":{"line":70,"column":6}},"8":{"start":{"line":73,"column":25},"end":{"line":73,"column":89}},"9":{"start":{"line":73,"column":67},"end":{"line":73,"column":88}},"10":{"start":{"line":74,"column":16},"end":{"line":74,"column":81}},"11":{"start":{"line":74,"column":57},"end":{"line":74,"column":77}},"12":{"start":{"line":76,"column":2},"end":{"line":84,"column":3}},"13":{"start":{"line":77,"column":4},"end":{"line":83,"column":6}},"14":{"start":{"line":81,"column":46},"end":{"line":81,"column":59}},"15":{"start":{"line":86,"column":2},"end":{"line":92,"column":4}},"16":{"start":{"line":90,"column":44},"end":{"line":90,"column":57}},"17":{"start":{"line":95,"column":0},"end":{"line":95,"column":46}}},"fnMap":{"0":{"name":"evaluatePromptGuardrails","decl":{"start":{"line":51,"column":9},"end":{"line":51,"column":33}},"loc":{"start":{"line":51,"column":62},"end":{"line":93,"column":1}},"line":51},"1":{"name":"(anonymous_1)","decl":{"start":{"line":62,"column":45},"end":{"line":62,"column":46}},"loc":{"start":{"line":62,"column":62},"end":{"line":62,"column":83}},"line":62},"2":{"name":"(anonymous_2)","decl":{"start":{"line":73,"column":50},"end":{"line":73,"column":51}},"loc":{"start":{"line":73,"column":67},"end":{"line":73,"column":88}},"line":73},"3":{"name":"(anonymous_3)","decl":{"start":{"line":74,"column":38},"end":{"line":74,"column":39}},"loc":{"start":{"line":74,"column":57},"end":{"line":74,"column":77}},"line":74},"4":{"name":"(anonymous_4)","decl":{"start":{"line":81,"column":34},"end":{"line":81,"column":35}},"loc":{"start":{"line":81,"column":46},"end":{"line":81,"column":59}},"line":81},"5":{"name":"(anonymous_5)","decl":{"start":{"line":90,"column":32},"end":{"line":90,"column":33}},"loc":{"start":{"line":90,"column":44},"end":{"line":90,"column":57}},"line":90}},"branchMap":{"0":{"loc":{"start":{"line":51,"column":34},"end":{"line":51,"column":46}},"type":"default-arg","locations":[{"start":{"line":51,"column":44},"end":{"line":51,"column":46}}],"line":51},"1":{"loc":{"start":{"line":51,"column":48},"end":{"line":51,"column":60}},"type":"default-arg","locations":[{"start":{"line":51,"column":58},"end":{"line":51,"column":60}}],"line":51},"2":{"loc":{"start":{"line":52,"column":2},"end":{"line":60,"column":3}},"type":"if","locations":[{"start":{"line":52,"column":2},"end":{"line":60,"column":3}},{"start":{},"end":{}}],"line":52},"3":{"loc":{"start":{"line":58,"column":15},"end":{"line":58,"column":43}},"type":"binary-expr","locations":[{"start":{"line":58,"column":15},"end":{"line":58,"column":30}},{"start":{"line":58,"column":34},"end":{"line":58,"column":43}}],"line":58},"4":{"loc":{"start":{"line":63,"column":2},"end":{"line":71,"column":3}},"type":"if","locations":[{"start":{"line":63,"column":2},"end":{"line":71,"column":3}},{"start":{},"end":{}}],"line":63},"5":{"loc":{"start":{"line":69,"column":15},"end":{"line":69,"column":43}},"type":"binary-expr","locations":[{"start":{"line":69,"column":15},"end":{"line":69,"column":30}},{"start":{"line":69,"column":34},"end":{"line":69,"column":43}}],"line":69},"6":{"loc":{"start":{"line":76,"column":2},"end":{"line":84,"column":3}},"type":"if","locations":[{"start":{"line":76,"column":2},"end":{"line":84,"column":3}},{"start":{},"end":{}}],"line":76},"7":{"loc":{"start":{"line":79,"column":14},"end":{"line":79,"column":69}},"type":"binary-expr","locations":[{"start":{"line":79,"column":14},"end":{"line":79,"column":39}},{"start":{"line":79,"column":43},"end":{"line":79,"column":69}}],"line":79},"8":{"loc":{"start":{"line":82,"column":15},"end":{"line":82,"column":43}},"type":"binary-expr","locations":[{"start":{"line":82,"column":15},"end":{"line":82,"column":30}},{"start":{"line":82,"column":34},"end":{"line":82,"column":43}}],"line":82},"9":{"loc":{"start":{"line":91,"column":13},"end":{"line":91,"column":41}},"type":"binary-expr","locations":[{"start":{"line":91,"column":13},"end":{"line":91,"column":28}},{"start":{"line":91,"column":32},"end":{"line":91,"column":41}}],"line":91}},"s":{"0":1,"1":1,"2":0,"3":0,"4":0,"5":0,"6":0,"7":0,"8":0,"9":0,"10":0,"11":0,"12":0,"13":0,"14":0,"15":0,"16":0,"17":1},"f":{"0":0,"1":0,"2":0,"3":0,"4":0,"5":0},"b":{"0":[0],"1":[0],"2":[0,0],"3":[0,0],"4":[0,0],"5":[0,0],"6":[0,0],"7":[0,0],"8":[0,0],"9":[0,0]},"_coverageSchema":"1a1c01bbd47fc00a2c39e90264f33305004495a9","hash":"b772796e9fb30822374b776f09ec4192414677c2"}
,"E:\\Software(Mind Bridge)\\MentalHealthAssistant\\mentalhealth\\mentalhealth\\server\\services\\responseModerationService.js": {"path":"E:\\Software(Mind Bridge)\\MentalHealthAssistant\\mentalhealth\\mentalhealth\\server\\services\\responseModerationService.js","statementMap":{"0":{"start":{"line":1,"column":41},"end":{"line":1,"column":73}},"1":{"start":{"line":3,"column":33},"end":{"line":14,"column":2}},"2":{"start":{"line":17,"column":2},"end":{"line":23,"column":3}},"3":{"start":{"line":18,"column":4},"end":{"line":22,"column":6}},"4":{"start":{"line":25,"column":18},"end":{"line":25,"column":92}},"5":{"start":{"line":25,"column":65},"end":{"line":25,"column":91}},"6":{"start":{"line":26,"column":2},"end":{"line":32,"column":3}},"7":{"start":{"line":27,"column":4},"end":{"line":31,"column":6}},"8":{"start":{"line":34,"column":2},"end":{"line":38,"column":4}},"9":{"start":{"line":41,"column":0},"end":{"line":41,"column":43}}},"fnMap":{"0":{"name":"moderateModelResponse","decl":{"start":{"line":16,"column":9},"end":{"line":16,"column":30}},"loc":{"start":{"line":16,"column":50},"end":{"line":39,"column":1}},"line":16},"1":{"name":"(anonymous_1)","decl":{"start":{"line":25,"column":48},"end":{"line":25,"column":49}},"loc":{"start":{"line":25,"column":65},"end":{"line":25,"column":91}},"line":25}},"branchMap":{"0":{"loc":{"start":{"line":16,"column":31},"end":{"line":16,"column":48}},"type":"default-arg","locations":[{"start":{"line":16,"column":46},"end":{"line":16,"column":48}}],"line":16},"1":{"loc":{"start":{"line":17,"column":2},"end":{"line":23,"column":3}},"type":"if","locations":[{"start":{"line":17,"column":2},"end":{"line":23,"column":3}},{"start":{},"end":{}}],"line":17},"2":{"loc":{"start":{"line":26,"column":2},"end":{"line":32,"column":3}},"type":"if","locations":[{"start":{"line":26,"column":2},"end":{"line":32,"column":3}},{"start":{},"end":{}}],"line":26}},"s":{"0":1,"1":1,"2":0,"3":0,"4":0,"5":0,"6":0,"7":0,"8":0,"9":1},"f":{"0":0,"1":0},"b":{"0":[0],"1":[0,0],"2":[0,0]},"_coverageSchema":"1a1c01bbd47fc00a2c39e90264f33305004495a9","hash":"2bb30e6a1b762ce2a7e8df017daf929319f2e7dc"}
,"E:\\Software(Mind Bridge)\\MentalHealthAssistant\\mentalhealth\\mentalhealth\\server\\services\\safeResponseService.js": {"path":"E:\\Software(Mind Bridge)\\MentalHealthAssistant\\mentalhealth\\mentalhealth\\server\\services\\safeResponseService.js","statementMap":{"0":{"start":{"line":2,"column":2},"end":{"line":2,"column":91}},"1":{"start":{"line":4,"column":18},"end":{"line":11,"column":2}},"2":{"start":{"line":14,"column":2},"end":{"line":16,"column":3}},"3":{"start":{"line":15,"column":4},"end":{"line":15,"column":30}},"4":{"start":{"line":18,"column":2},"end":{"line":20,"column":3}},"5":{"start":{"line":19,"column":4},"end":{"line":19,"column":16}},"6":{"start":{"line":22,"column":2},"end":{"line":22,"column":44}},"7":{"start":{"line":26,"column":2},"end":{"line":26,"column":26}},"8":{"start":{"line":30,"column":2},"end":{"line":30,"column":37}},"9":{"start":{"line":34,"column":2},"end":{"line":34,"column":38}},"10":{"start":{"line":37,"column":0},"end":{"line":43,"column":2}}},"fnMap":{"0":{"name":"appendMedicalDisclaimer","decl":{"start":{"line":13,"column":9},"end":{"line":13,"column":32}},"loc":{"start":{"line":13,"column":44},"end":{"line":23,"column":1}},"line":13},"1":{"name":"getCrisisResponse","decl":{"start":{"line":25,"column":9},"end":{"line":25,"column":26}},"loc":{"start":{"line":25,"column":29},"end":{"line":27,"column":1}},"line":25},"2":{"name":"getBlockedDiagnosisResponse","decl":{"start":{"line":29,"column":9},"end":{"line":29,"column":36}},"loc":{"start":{"line":29,"column":39},"end":{"line":31,"column":1}},"line":29},"3":{"name":"getModeratedFallbackResponse","decl":{"start":{"line":33,"column":9},"end":{"line":33,"column":37}},"loc":{"start":{"line":33,"column":40},"end":{"line":35,"column":1}},"line":33}},"branchMap":{"0":{"loc":{"start":{"line":13,"column":33},"end":{"line":13,"column":42}},"type":"default-arg","locations":[{"start":{"line":13,"column":40},"end":{"line":13,"column":42}}],"line":13},"1":{"loc":{"start":{"line":14,"column":2},"end":{"line":16,"column":3}},"type":"if","locations":[{"start":{"line":14,"column":2},"end":{"line":16,"column":3}},{"start":{},"end":{}}],"line":14},"2":{"loc":{"start":{"line":14,"column":6},"end":{"line":14,"column":58}},"type":"binary-expr","locations":[{"start":{"line":14,"column":6},"end":{"line":14,"column":30}},{"start":{"line":14,"column":34},"end":{"line":14,"column":58}}],"line":14},"3":{"loc":{"start":{"line":18,"column":2},"end":{"line":20,"column":3}},"type":"if","locations":[{"start":{"line":18,"column":2},"end":{"line":20,"column":3}},{"start":{},"end":{}}],"line":18}},"s":{"0":1,"1":1,"2":0,"3":0,"4":0,"5":0,"6":0,"7":0,"8":0,"9":0,"10":1},"f":{"0":0,"1":0,"2":0,"3":0},"b":{"0":[0],"1":[0,0],"2":[0,0],"3":[0,0]},"_coverageSchema":"1a1c01bbd47fc00a2c39e90264f33305004495a9","hash":"f1ffda50f59bd4dd8729c37caa7137f3527df5d1"}
,"E:\\Software(Mind Bridge)\\MentalHealthAssistant\\mentalhealth\\mentalhealth\\server\\services\\safetyEventLogger.js": {"path":"E:\\Software(Mind Bridge)\\MentalHealthAssistant\\mentalhealth\\mentalhealth\\server\\services\\safetyEventLogger.js","statementMap":{"0":{"start":{"line":2,"column":23},"end":{"line":5,"column":3}},"1":{"start":{"line":7,"column":2},"end":{"line":12,"column":5}},"2":{"start":{"line":15,"column":0},"end":{"line":15,"column":36}}},"fnMap":{"0":{"name":"logSafetyEvent","decl":{"start":{"line":1,"column":9},"end":{"line":1,"column":23}},"loc":{"start":{"line":1,"column":64},"end":{"line":13,"column":1}},"line":1}},"branchMap":{"0":{"loc":{"start":{"line":1,"column":47},"end":{"line":1,"column":60}},"type":"default-arg","locations":[{"start":{"line":1,"column":58},"end":{"line":1,"column":60}}],"line":1},"1":{"loc":{"start":{"line":3,"column":8},"end":{"line":3,"column":64}},"type":"cond-expr","locations":[{"start":{"line":3,"column":28},"end":{"line":3,"column":59}},{"start":{"line":3,"column":62},"end":{"line":3,"column":64}}],"line":3},"2":{"loc":{"start":{"line":4,"column":8},"end":{"line":4,"column":58}},"type":"cond-expr","locations":[{"start":{"line":4,"column":26},"end":{"line":4,"column":53}},{"start":{"line":4,"column":56},"end":{"line":4,"column":58}}],"line":4},"3":{"loc":{"start":{"line":10,"column":14},"end":{"line":10,"column":35}},"type":"binary-expr","locations":[{"start":{"line":10,"column":14},"end":{"line":10,"column":22}},{"start":{"line":10,"column":26},"end":{"line":10,"column":35}}],"line":10}},"s":{"0":0,"1":0,"2":1},"f":{"0":0},"b":{"0":[0],"1":[0,0],"2":[0,0],"3":[0,0]},"_coverageSchema":"1a1c01bbd47fc00a2c39e90264f33305004495a9","hash":"5c2acbc48a23be7f1acabbf9c2f74a6de2077e8d"}
,"E:\\Software(Mind Bridge)\\MentalHealthAssistant\\mentalhealth\\mentalhealth\\server\\utils\\createDefaultAdmin.js": {"path":"E:\\Software(Mind Bridge)\\MentalHealthAssistant\\mentalhealth\\mentalhealth\\server\\utils\\createDefaultAdmin.js","statementMap":{"0":{"start":{"line":1,"column":15},"end":{"line":1,"column":32}},"1":{"start":{"line":2,"column":52},"end":{"line":2,"column":82}},"2":{"start":{"line":3,"column":27},"end":{"line":3,"column":53}},"3":{"start":{"line":5,"column":28},"end":{"line":5,"column":56}},"4":{"start":{"line":6,"column":31},"end":{"line":6,"column":41}},"5":{"start":{"line":7,"column":20},"end":{"line":7,"column":22}},"6":{"start":{"line":10,"column":19},"end":{"line":10,"column":61}},"7":{"start":{"line":11,"column":2},"end":{"line":16,"column":3}},"8":{"start":{"line":12,"column":4},"end":{"line":14,"column":5}},"9":{"start":{"line":13,"column":6},"end":{"line":13,"column":79}},"10":{"start":{"line":15,"column":4},"end":{"line":15,"column":11}},"11":{"start":{"line":18,"column":25},"end":{"line":18,"column":79}},"12":{"start":{"line":19,"column":2},"end":{"line":27,"column":5}},"13":{"start":{"line":30,"column":0},"end":{"line":30,"column":40}}},"fnMap":{"0":{"name":"createDefaultAdmin","decl":{"start":{"line":9,"column":15},"end":{"line":9,"column":33}},"loc":{"start":{"line":9,"column":36},"end":{"line":28,"column":1}},"line":9}},"branchMap":{"0":{"loc":{"start":{"line":11,"column":2},"end":{"line":16,"column":3}},"type":"if","locations":[{"start":{"line":11,"column":2},"end":{"line":16,"column":3}},{"start":{},"end":{}}],"line":11},"1":{"loc":{"start":{"line":12,"column":4},"end":{"line":14,"column":5}},"type":"if","locations":[{"start":{"line":12,"column":4},"end":{"line":14,"column":5}},{"start":{},"end":{}}],"line":12}},"s":{"0":1,"1":1,"2":1,"3":1,"4":1,"5":1,"6":0,"7":0,"8":0,"9":0,"10":0,"11":0,"12":0,"13":1},"f":{"0":0},"b":{"0":[0,0],"1":[0,0]},"_coverageSchema":"1a1c01bbd47fc00a2c39e90264f33305004495a9","hash":"0e4c203e31010cc871aea902f9fd22a130ded5b8"}
}
